{"/Users/emmanuelihemegbulam/Documents/GitHub/Bankr-1.0/UI/src/index.jsx": {"path":"/Users/emmanuelihemegbulam/Documents/GitHub/Bankr-1.0/UI/src/index.jsx","statementMap":{"0":{"start":{"line":9,"column":14},"end":{"line":9,"column":30}},"1":{"start":{"line":16,"column":2},"end":{"line":18,"column":13}},"2":{"start":{"line":21,"column":0},"end":{"line":21,"column":44}}},"fnMap":{},"branchMap":{},"s":{"0":0,"1":0,"2":0},"f":{},"b":{},"hash":"20c0d648830c8de9b5bb73d1e3b2dc107dbd0b0b"}
,"/Users/emmanuelihemegbulam/Documents/GitHub/Bankr-1.0/UI/src/actions/account.action.js": {"path":"/Users/emmanuelihemegbulam/Documents/GitHub/Bankr-1.0/UI/src/actions/account.action.js","statementMap":{"0":{"start":{"line":5,"column":31},"end":{"line":10,"column":1}},"1":{"start":{"line":6,"column":2},"end":{"line":9,"column":3}}},"fnMap":{"0":{"name":"(anonymous_0)","decl":{"start":{"line":5,"column":31},"end":{"line":5,"column":32}},"loc":{"start":{"line":6,"column":2},"end":{"line":9,"column":3}},"line":6}},"branchMap":{},"s":{"0":1,"1":0},"f":{"0":0},"b":{},"_coverageSchema":"43e27e138ebf9cfc5966b082cf9a028302ed4184","hash":"f430cbe6b7151f619deb949ea5e1f9037affb53e"}
,"/Users/emmanuelihemegbulam/Documents/GitHub/Bankr-1.0/UI/src/actions/actionTypes.js": {"path":"/Users/emmanuelihemegbulam/Documents/GitHub/Bankr-1.0/UI/src/actions/actionTypes.js","statementMap":{"0":{"start":{"line":2,"column":26},"end":{"line":2,"column":38}},"1":{"start":{"line":3,"column":27},"end":{"line":3,"column":40}},"2":{"start":{"line":4,"column":28},"end":{"line":4,"column":42}},"3":{"start":{"line":5,"column":31},"end":{"line":5,"column":48}},"4":{"start":{"line":6,"column":32},"end":{"line":6,"column":50}},"5":{"start":{"line":7,"column":31},"end":{"line":7,"column":48}},"6":{"start":{"line":8,"column":26},"end":{"line":8,"column":38}},"7":{"start":{"line":11,"column":33},"end":{"line":11,"column":52}},"8":{"start":{"line":12,"column":33},"end":{"line":12,"column":52}},"9":{"start":{"line":13,"column":33},"end":{"line":13,"column":52}},"10":{"start":{"line":16,"column":37},"end":{"line":16,"column":60}},"11":{"start":{"line":17,"column":36},"end":{"line":17,"column":58}},"12":{"start":{"line":18,"column":31},"end":{"line":18,"column":48}},"13":{"start":{"line":19,"column":34},"end":{"line":19,"column":54}},"14":{"start":{"line":22,"column":33},"end":{"line":22,"column":52}},"15":{"start":{"line":23,"column":32},"end":{"line":23,"column":50}},"16":{"start":{"line":24,"column":27},"end":{"line":24,"column":40}},"17":{"start":{"line":25,"column":30},"end":{"line":25,"column":46}}},"fnMap":{},"branchMap":{},"s":{"0":1,"1":1,"2":1,"3":1,"4":1,"5":1,"6":1,"7":1,"8":1,"9":1,"10":1,"11":1,"12":1,"13":1,"14":1,"15":1,"16":1,"17":1},"f":{},"b":{},"_coverageSchema":"43e27e138ebf9cfc5966b082cf9a028302ed4184","hash":"b524cf7b04bf7bd4847e58ea388a69fc0153e13a"}
,"/Users/emmanuelihemegbulam/Documents/GitHub/Bankr-1.0/UI/src/actions/auth.actions.js": {"path":"/Users/emmanuelihemegbulam/Documents/GitHub/Bankr-1.0/UI/src/actions/auth.actions.js","statementMap":{"0":{"start":{"line":12,"column":27},"end":{"line":15,"column":2}},"1":{"start":{"line":12,"column":41},"end":{"line":15,"column":1}},"2":{"start":{"line":17,"column":30},"end":{"line":20,"column":2}},"3":{"start":{"line":17,"column":47},"end":{"line":20,"column":1}},"4":{"start":{"line":22,"column":31},"end":{"line":25,"column":2}},"5":{"start":{"line":22,"column":49},"end":{"line":25,"column":1}},"6":{"start":{"line":27,"column":30},"end":{"line":30,"column":2}},"7":{"start":{"line":27,"column":47},"end":{"line":30,"column":1}},"8":{"start":{"line":32,"column":25},"end":{"line":34,"column":2}},"9":{"start":{"line":32,"column":32},"end":{"line":34,"column":1}},"10":{"start":{"line":36,"column":25},"end":{"line":39,"column":2}},"11":{"start":{"line":36,"column":35},"end":{"line":39,"column":1}},"12":{"start":{"line":41,"column":26},"end":{"line":44,"column":2}},"13":{"start":{"line":41,"column":37},"end":{"line":44,"column":1}}},"fnMap":{"0":{"name":"(anonymous_0)","decl":{"start":{"line":12,"column":27},"end":{"line":12,"column":28}},"loc":{"start":{"line":12,"column":41},"end":{"line":15,"column":1}},"line":12},"1":{"name":"(anonymous_1)","decl":{"start":{"line":17,"column":30},"end":{"line":17,"column":31}},"loc":{"start":{"line":17,"column":47},"end":{"line":20,"column":1}},"line":17},"2":{"name":"(anonymous_2)","decl":{"start":{"line":22,"column":31},"end":{"line":22,"column":32}},"loc":{"start":{"line":22,"column":49},"end":{"line":25,"column":1}},"line":22},"3":{"name":"(anonymous_3)","decl":{"start":{"line":27,"column":30},"end":{"line":27,"column":31}},"loc":{"start":{"line":27,"column":47},"end":{"line":30,"column":1}},"line":27},"4":{"name":"(anonymous_4)","decl":{"start":{"line":32,"column":25},"end":{"line":32,"column":26}},"loc":{"start":{"line":32,"column":32},"end":{"line":34,"column":1}},"line":32},"5":{"name":"(anonymous_5)","decl":{"start":{"line":36,"column":25},"end":{"line":36,"column":26}},"loc":{"start":{"line":36,"column":35},"end":{"line":39,"column":1}},"line":36},"6":{"name":"(anonymous_6)","decl":{"start":{"line":41,"column":26},"end":{"line":41,"column":27}},"loc":{"start":{"line":41,"column":37},"end":{"line":44,"column":1}},"line":41}},"branchMap":{},"s":{"0":1,"1":0,"2":1,"3":0,"4":1,"5":0,"6":1,"7":0,"8":1,"9":0,"10":1,"11":0,"12":1,"13":0},"f":{"0":0,"1":0,"2":0,"3":0,"4":0,"5":0,"6":0},"b":{},"_coverageSchema":"43e27e138ebf9cfc5966b082cf9a028302ed4184","hash":"3c4cd667f97e2607840e16f12da97a374b598462"}
,"/Users/emmanuelihemegbulam/Documents/GitHub/Bankr-1.0/UI/src/actions/modal.actions.js": {"path":"/Users/emmanuelihemegbulam/Documents/GitHub/Bankr-1.0/UI/src/actions/modal.actions.js","statementMap":{"0":{"start":{"line":7,"column":31},"end":{"line":10,"column":2}},"1":{"start":{"line":7,"column":41},"end":{"line":10,"column":1}},"2":{"start":{"line":12,"column":31},"end":{"line":15,"column":2}},"3":{"start":{"line":12,"column":41},"end":{"line":15,"column":1}},"4":{"start":{"line":17,"column":31},"end":{"line":19,"column":2}},"5":{"start":{"line":17,"column":38},"end":{"line":19,"column":1}}},"fnMap":{"0":{"name":"(anonymous_0)","decl":{"start":{"line":7,"column":31},"end":{"line":7,"column":32}},"loc":{"start":{"line":7,"column":41},"end":{"line":10,"column":1}},"line":7},"1":{"name":"(anonymous_1)","decl":{"start":{"line":12,"column":31},"end":{"line":12,"column":32}},"loc":{"start":{"line":12,"column":41},"end":{"line":15,"column":1}},"line":12},"2":{"name":"(anonymous_2)","decl":{"start":{"line":17,"column":31},"end":{"line":17,"column":32}},"loc":{"start":{"line":17,"column":38},"end":{"line":19,"column":1}},"line":17}},"branchMap":{},"s":{"0":1,"1":0,"2":1,"3":0,"4":1,"5":0},"f":{"0":0,"1":0,"2":0},"b":{},"_coverageSchema":"43e27e138ebf9cfc5966b082cf9a028302ed4184","hash":"32ecf6d1a6d6ee4e61f637114da2451d3cadcdc2"}
,"/Users/emmanuelihemegbulam/Documents/GitHub/Bankr-1.0/UI/src/actions/transaction.actions.js": {"path":"/Users/emmanuelihemegbulam/Documents/GitHub/Bankr-1.0/UI/src/actions/transaction.actions.js","statementMap":{"0":{"start":{"line":5,"column":35},"end":{"line":10,"column":1}},"1":{"start":{"line":6,"column":2},"end":{"line":9,"column":3}}},"fnMap":{"0":{"name":"(anonymous_0)","decl":{"start":{"line":5,"column":35},"end":{"line":5,"column":36}},"loc":{"start":{"line":6,"column":2},"end":{"line":9,"column":3}},"line":6}},"branchMap":{},"s":{"0":1,"1":0},"f":{"0":0},"b":{},"_coverageSchema":"43e27e138ebf9cfc5966b082cf9a028302ed4184","hash":"1b5ab3727c2f8aed12cbb88eaa90b713c8abe9a4"}
,"/Users/emmanuelihemegbulam/Documents/GitHub/Bankr-1.0/UI/src/components/AccountBigBox.jsx": {"path":"/Users/emmanuelihemegbulam/Documents/GitHub/Bankr-1.0/UI/src/components/AccountBigBox.jsx","statementMap":{"0":{"start":{"line":3,"column":22},"end":{"line":43,"column":1}},"1":{"start":{"line":12,"column":6},"end":{"line":12,"column":11}},"2":{"start":{"line":14,"column":2},"end":{"line":42,"column":4}}},"fnMap":{"0":{"name":"(anonymous_0)","decl":{"start":{"line":3,"column":22},"end":{"line":3,"column":23}},"loc":{"start":{"line":3,"column":33},"end":{"line":43,"column":1}},"line":3}},"branchMap":{},"s":{"0":2,"1":0,"2":0},"f":{"0":0},"b":{},"_coverageSchema":"43e27e138ebf9cfc5966b082cf9a028302ed4184","hash":"3c2e1e75cb24c6dcac6c11db6db3227e3d9efc62"}
,"/Users/emmanuelihemegbulam/Documents/GitHub/Bankr-1.0/UI/src/components/AccountBigBoxList.jsx": {"path":"/Users/emmanuelihemegbulam/Documents/GitHub/Bankr-1.0/UI/src/components/AccountBigBoxList.jsx","statementMap":{"0":{"start":{"line":6,"column":30},"end":{"line":6,"column":43}},"1":{"start":{"line":8,"column":26},"end":{"line":43,"column":1}},"2":{"start":{"line":9,"column":40},"end":{"line":9,"column":45}},"3":{"start":{"line":10,"column":41},"end":{"line":10,"column":52}},"4":{"start":{"line":11,"column":12},"end":{"line":11,"column":13}},"5":{"start":{"line":13,"column":2},"end":{"line":42,"column":4}},"6":{"start":{"line":17,"column":10},"end":{"line":17,"column":19}},"7":{"start":{"line":24,"column":14},"end":{"line":24,"column":18}},"8":{"start":{"line":25,"column":30},"end":{"line":25,"column":58}},"9":{"start":{"line":27,"column":10},"end":{"line":38,"column":12}}},"fnMap":{"0":{"name":"(anonymous_0)","decl":{"start":{"line":8,"column":26},"end":{"line":8,"column":27}},"loc":{"start":{"line":8,"column":37},"end":{"line":43,"column":1}},"line":8},"1":{"name":"(anonymous_1)","decl":{"start":{"line":16,"column":25},"end":{"line":16,"column":26}},"loc":{"start":{"line":16,"column":35},"end":{"line":39,"column":9}},"line":16}},"branchMap":{},"s":{"0":2,"1":2,"2":1,"3":1,"4":0,"5":0,"6":0,"7":0,"8":0,"9":0},"f":{"0":1,"1":0},"b":{},"_coverageSchema":"43e27e138ebf9cfc5966b082cf9a028302ed4184","hash":"2889e4a314c773bd47a1aa5c88493e29b6d1864c"}
,"/Users/emmanuelihemegbulam/Documents/GitHub/Bankr-1.0/UI/src/components/AccountList.jsx": {"path":"/Users/emmanuelihemegbulam/Documents/GitHub/Bankr-1.0/UI/src/components/AccountList.jsx","statementMap":{"0":{"start":{"line":5,"column":20},"end":{"line":32,"column":1}},"1":{"start":{"line":6,"column":27},"end":{"line":6,"column":32}},"2":{"start":{"line":7,"column":12},"end":{"line":7,"column":13}},"3":{"start":{"line":9,"column":2},"end":{"line":31,"column":4}},"4":{"start":{"line":13,"column":10},"end":{"line":13,"column":19}},"5":{"start":{"line":18,"column":14},"end":{"line":18,"column":18}},"6":{"start":{"line":20,"column":10},"end":{"line":27,"column":12}}},"fnMap":{"0":{"name":"(anonymous_0)","decl":{"start":{"line":5,"column":20},"end":{"line":5,"column":21}},"loc":{"start":{"line":5,"column":31},"end":{"line":32,"column":1}},"line":5},"1":{"name":"(anonymous_1)","decl":{"start":{"line":12,"column":25},"end":{"line":12,"column":26}},"loc":{"start":{"line":12,"column":35},"end":{"line":28,"column":9}},"line":12}},"branchMap":{},"s":{"0":1,"1":0,"2":0,"3":0,"4":0,"5":0,"6":0},"f":{"0":0,"1":0},"b":{},"_coverageSchema":"43e27e138ebf9cfc5966b082cf9a028302ed4184","hash":"6a45efb01245db5bb3fa3d04ddc123dccd9cad80"}
,"/Users/emmanuelihemegbulam/Documents/GitHub/Bankr-1.0/UI/src/components/AuthFormFooter.jsx": {"path":"/Users/emmanuelihemegbulam/Documents/GitHub/Bankr-1.0/UI/src/components/AuthFormFooter.jsx","statementMap":{"0":{"start":{"line":3,"column":23},"end":{"line":7,"column":1}},"1":{"start":{"line":4,"column":2},"end":{"line":6,"column":11}}},"fnMap":{"0":{"name":"(anonymous_0)","decl":{"start":{"line":3,"column":23},"end":{"line":3,"column":24}},"loc":{"start":{"line":4,"column":2},"end":{"line":6,"column":11}},"line":4}},"branchMap":{},"s":{"0":1,"1":0},"f":{"0":0},"b":{},"_coverageSchema":"43e27e138ebf9cfc5966b082cf9a028302ed4184","hash":"d50c2caed408d3a5caab486e587c4df7d537874e"}
,"/Users/emmanuelihemegbulam/Documents/GitHub/Bankr-1.0/UI/src/components/AuthFormHeader.jsx": {"path":"/Users/emmanuelihemegbulam/Documents/GitHub/Bankr-1.0/UI/src/components/AuthFormHeader.jsx","statementMap":{"0":{"start":{"line":4,"column":23},"end":{"line":19,"column":1}},"1":{"start":{"line":5,"column":18},"end":{"line":5,"column":23}},"2":{"start":{"line":6,"column":2},"end":{"line":18,"column":4}}},"fnMap":{"0":{"name":"(anonymous_0)","decl":{"start":{"line":4,"column":23},"end":{"line":4,"column":24}},"loc":{"start":{"line":4,"column":34},"end":{"line":19,"column":1}},"line":4}},"branchMap":{},"s":{"0":1,"1":0,"2":0},"f":{"0":0},"b":{},"_coverageSchema":"43e27e138ebf9cfc5966b082cf9a028302ed4184","hash":"e1cb4b06dea0d3a943d6ab9928aafb0a53c64967"}
,"/Users/emmanuelihemegbulam/Documents/GitHub/Bankr-1.0/UI/src/components/ButtonInput.jsx": {"path":"/Users/emmanuelihemegbulam/Documents/GitHub/Bankr-1.0/UI/src/components/ButtonInput.jsx","statementMap":{"0":{"start":{"line":4,"column":20},"end":{"line":22,"column":1}},"1":{"start":{"line":5,"column":41},"end":{"line":5,"column":46}},"2":{"start":{"line":6,"column":2},"end":{"line":21,"column":4}}},"fnMap":{"0":{"name":"(anonymous_0)","decl":{"start":{"line":4,"column":20},"end":{"line":4,"column":21}},"loc":{"start":{"line":4,"column":31},"end":{"line":22,"column":1}},"line":4}},"branchMap":{},"s":{"0":1,"1":0,"2":0},"f":{"0":0},"b":{},"_coverageSchema":"43e27e138ebf9cfc5966b082cf9a028302ed4184","hash":"2e9b921822b5609c0daf9bdc6c290bf272dc0edf"}
,"/Users/emmanuelihemegbulam/Documents/GitHub/Bankr-1.0/UI/src/components/Footer.jsx": {"path":"/Users/emmanuelihemegbulam/Documents/GitHub/Bankr-1.0/UI/src/components/Footer.jsx","statementMap":{"0":{"start":{"line":3,"column":15},"end":{"line":11,"column":1}},"1":{"start":{"line":4,"column":55},"end":{"line":4,"column":60}},"2":{"start":{"line":6,"column":2},"end":{"line":10,"column":4}}},"fnMap":{"0":{"name":"(anonymous_0)","decl":{"start":{"line":3,"column":15},"end":{"line":3,"column":16}},"loc":{"start":{"line":3,"column":26},"end":{"line":11,"column":1}},"line":3}},"branchMap":{},"s":{"0":2,"1":0,"2":0},"f":{"0":0},"b":{},"_coverageSchema":"43e27e138ebf9cfc5966b082cf9a028302ed4184","hash":"40f20276291505b40b2420f9548f8d707f78bb8f"}
,"/Users/emmanuelihemegbulam/Documents/GitHub/Bankr-1.0/UI/src/components/FormLink.jsx": {"path":"/Users/emmanuelihemegbulam/Documents/GitHub/Bankr-1.0/UI/src/components/FormLink.jsx","statementMap":{"0":{"start":{"line":8,"column":4},"end":{"line":8,"column":17}},"1":{"start":{"line":10,"column":4},"end":{"line":10,"column":51}},"2":{"start":{"line":14,"column":25},"end":{"line":14,"column":35}},"3":{"start":{"line":15,"column":4},"end":{"line":15,"column":26}},"4":{"start":{"line":19,"column":41},"end":{"line":19,"column":51}},"5":{"start":{"line":20,"column":4},"end":{"line":28,"column":6}}},"fnMap":{"0":{"name":"(anonymous_0)","decl":{"start":{"line":7,"column":2},"end":{"line":7,"column":3}},"loc":{"start":{"line":7,"column":21},"end":{"line":11,"column":3}},"line":7},"1":{"name":"(anonymous_1)","decl":{"start":{"line":13,"column":2},"end":{"line":13,"column":3}},"loc":{"start":{"line":13,"column":16},"end":{"line":16,"column":3}},"line":13},"2":{"name":"(anonymous_2)","decl":{"start":{"line":18,"column":2},"end":{"line":18,"column":3}},"loc":{"start":{"line":18,"column":11},"end":{"line":29,"column":3}},"line":18}},"branchMap":{},"s":{"0":0,"1":0,"2":0,"3":0,"4":0,"5":0},"f":{"0":0,"1":0,"2":0},"b":{},"_coverageSchema":"43e27e138ebf9cfc5966b082cf9a028302ed4184","hash":"d9d7ff8b301b16bb513cb1ff67cf5210a15f670c"}
,"/Users/emmanuelihemegbulam/Documents/GitHub/Bankr-1.0/UI/src/components/HomePageMain.jsx": {"path":"/Users/emmanuelihemegbulam/Documents/GitHub/Bankr-1.0/UI/src/components/HomePageMain.jsx","statementMap":{"0":{"start":{"line":3,"column":21},"end":{"line":11,"column":1}},"1":{"start":{"line":4,"column":2},"end":{"line":10,"column":9}}},"fnMap":{"0":{"name":"(anonymous_0)","decl":{"start":{"line":3,"column":21},"end":{"line":3,"column":22}},"loc":{"start":{"line":4,"column":2},"end":{"line":10,"column":9}},"line":4}},"branchMap":{},"s":{"0":2,"1":0},"f":{"0":0},"b":{},"_coverageSchema":"43e27e138ebf9cfc5966b082cf9a028302ed4184","hash":"d3433b602bb731a942ce88434dabd4b00aab1cbc"}
,"/Users/emmanuelihemegbulam/Documents/GitHub/Bankr-1.0/UI/src/components/Input.jsx": {"path":"/Users/emmanuelihemegbulam/Documents/GitHub/Bankr-1.0/UI/src/components/Input.jsx","statementMap":{"0":{"start":{"line":3,"column":14},"end":{"line":38,"column":1}},"1":{"start":{"line":12,"column":6},"end":{"line":12,"column":11}},"2":{"start":{"line":14,"column":2},"end":{"line":37,"column":4}}},"fnMap":{"0":{"name":"(anonymous_0)","decl":{"start":{"line":3,"column":14},"end":{"line":3,"column":15}},"loc":{"start":{"line":3,"column":25},"end":{"line":38,"column":1}},"line":3}},"branchMap":{},"s":{"0":1,"1":0,"2":0},"f":{"0":0},"b":{},"_coverageSchema":"43e27e138ebf9cfc5966b082cf9a028302ed4184","hash":"896435109e52404ae38a0d58bc96745630b57c91"}
,"/Users/emmanuelihemegbulam/Documents/GitHub/Bankr-1.0/UI/src/components/Label.jsx": {"path":"/Users/emmanuelihemegbulam/Documents/GitHub/Bankr-1.0/UI/src/components/Label.jsx","statementMap":{},"fnMap":{},"branchMap":{},"s":{},"f":{},"b":{},"hash":"061e19a3b2cf6516291c9608bc2a5f530094ff39"}
,"/Users/emmanuelihemegbulam/Documents/GitHub/Bankr-1.0/UI/src/components/Loader.jsx": {"path":"/Users/emmanuelihemegbulam/Documents/GitHub/Bankr-1.0/UI/src/components/Loader.jsx","statementMap":{"0":{"start":{"line":3,"column":15},"end":{"line":9,"column":1}},"1":{"start":{"line":4,"column":2},"end":{"line":8,"column":8}}},"fnMap":{"0":{"name":"(anonymous_0)","decl":{"start":{"line":3,"column":15},"end":{"line":3,"column":16}},"loc":{"start":{"line":4,"column":2},"end":{"line":8,"column":8}},"line":4}},"branchMap":{},"s":{"0":1,"1":0},"f":{"0":0},"b":{},"_coverageSchema":"43e27e138ebf9cfc5966b082cf9a028302ed4184","hash":"f1c4f807d55c4e88fd105b97831f21a4d57fb911"}
,"/Users/emmanuelihemegbulam/Documents/GitHub/Bankr-1.0/UI/src/components/LoginForm.jsx": {"path":"/Users/emmanuelihemegbulam/Documents/GitHub/Bankr-1.0/UI/src/components/LoginForm.jsx","statementMap":{"0":{"start":{"line":3,"column":18},"end":{"line":5,"column":1}},"1":{"start":{"line":4,"column":2},"end":{"line":4,"column":40}}},"fnMap":{"0":{"name":"(anonymous_0)","decl":{"start":{"line":3,"column":18},"end":{"line":3,"column":19}},"loc":{"start":{"line":4,"column":2},"end":{"line":4,"column":40}},"line":4}},"branchMap":{},"s":{"0":0,"1":0},"f":{"0":0},"b":{},"hash":"cf60591e846702523135e3fbc76e5c45ea936e29"}
,"/Users/emmanuelihemegbulam/Documents/GitHub/Bankr-1.0/UI/src/components/LoginFormFooter.jsx": {"path":"/Users/emmanuelihemegbulam/Documents/GitHub/Bankr-1.0/UI/src/components/LoginFormFooter.jsx","statementMap":{"0":{"start":{"line":5,"column":24},"end":{"line":12,"column":1}},"1":{"start":{"line":6,"column":2},"end":{"line":11,"column":8}}},"fnMap":{"0":{"name":"(anonymous_0)","decl":{"start":{"line":5,"column":24},"end":{"line":5,"column":25}},"loc":{"start":{"line":6,"column":2},"end":{"line":11,"column":8}},"line":6}},"branchMap":{},"s":{"0":1,"1":0},"f":{"0":0},"b":{},"_coverageSchema":"43e27e138ebf9cfc5966b082cf9a028302ed4184","hash":"db90d5d497ab58071685d6baa5927e9fafa997b1"}
,"/Users/emmanuelihemegbulam/Documents/GitHub/Bankr-1.0/UI/src/components/MainAside.jsx": {"path":"/Users/emmanuelihemegbulam/Documents/GitHub/Bankr-1.0/UI/src/components/MainAside.jsx","statementMap":{"0":{"start":{"line":15,"column":4},"end":{"line":15,"column":17}},"1":{"start":{"line":19,"column":39},"end":{"line":19,"column":49}},"2":{"start":{"line":20,"column":28},"end":{"line":20,"column":52}},"3":{"start":{"line":21,"column":4},"end":{"line":39,"column":6}},"4":{"start":{"line":43,"column":24},"end":{"line":46,"column":2}},"5":{"start":{"line":43,"column":34},"end":{"line":46,"column":1}}},"fnMap":{"0":{"name":"(anonymous_0)","decl":{"start":{"line":14,"column":2},"end":{"line":14,"column":3}},"loc":{"start":{"line":14,"column":21},"end":{"line":16,"column":3}},"line":14},"1":{"name":"(anonymous_1)","decl":{"start":{"line":18,"column":2},"end":{"line":18,"column":3}},"loc":{"start":{"line":18,"column":11},"end":{"line":40,"column":3}},"line":18},"2":{"name":"(anonymous_2)","decl":{"start":{"line":43,"column":24},"end":{"line":43,"column":25}},"loc":{"start":{"line":43,"column":34},"end":{"line":46,"column":1}},"line":43}},"branchMap":{},"s":{"0":0,"1":0,"2":0,"3":0,"4":1,"5":0},"f":{"0":0,"1":0,"2":0},"b":{},"_coverageSchema":"43e27e138ebf9cfc5966b082cf9a028302ed4184","hash":"d1be97cec2d29bc7a16d9f700b782da726c99f05"}
,"/Users/emmanuelihemegbulam/Documents/GitHub/Bankr-1.0/UI/src/components/MainAsideHeader.jsx": {"path":"/Users/emmanuelihemegbulam/Documents/GitHub/Bankr-1.0/UI/src/components/MainAsideHeader.jsx","statementMap":{"0":{"start":{"line":8,"column":24},"end":{"line":58,"column":1}},"1":{"start":{"line":15,"column":6},"end":{"line":15,"column":11}},"2":{"start":{"line":17,"column":27},"end":{"line":26,"column":3}},"3":{"start":{"line":18,"column":25},"end":{"line":18,"column":39}},"4":{"start":{"line":20,"column":4},"end":{"line":24,"column":5}},"5":{"start":{"line":21,"column":6},"end":{"line":21,"column":20}},"6":{"start":{"line":23,"column":6},"end":{"line":23,"column":38}},"7":{"start":{"line":25,"column":4},"end":{"line":25,"column":40}},"8":{"start":{"line":28,"column":2},"end":{"line":57,"column":4}},"9":{"start":{"line":60,"column":33},"end":{"line":65,"column":1}},"10":{"start":{"line":61,"column":29},"end":{"line":61,"column":47}},"11":{"start":{"line":62,"column":2},"end":{"line":64,"column":4}}},"fnMap":{"0":{"name":"(anonymous_0)","decl":{"start":{"line":8,"column":24},"end":{"line":8,"column":25}},"loc":{"start":{"line":8,"column":35},"end":{"line":58,"column":1}},"line":8},"1":{"name":"(anonymous_1)","decl":{"start":{"line":17,"column":27},"end":{"line":17,"column":28}},"loc":{"start":{"line":17,"column":33},"end":{"line":26,"column":3}},"line":17},"2":{"name":"(anonymous_2)","decl":{"start":{"line":60,"column":33},"end":{"line":60,"column":34}},"loc":{"start":{"line":60,"column":44},"end":{"line":65,"column":1}},"line":60}},"branchMap":{"0":{"loc":{"start":{"line":20,"column":4},"end":{"line":24,"column":5}},"type":"if","locations":[{"start":{"line":20,"column":4},"end":{"line":24,"column":5}},{"start":{"line":20,"column":4},"end":{"line":24,"column":5}}],"line":20},"1":{"loc":{"start":{"line":50,"column":15},"end":{"line":50,"column":50}},"type":"binary-expr","locations":[{"start":{"line":50,"column":15},"end":{"line":50,"column":21}},{"start":{"line":50,"column":25},"end":{"line":50,"column":50}}],"line":50}},"s":{"0":1,"1":0,"2":0,"3":0,"4":0,"5":0,"6":0,"7":0,"8":0,"9":1,"10":0,"11":0},"f":{"0":0,"1":0,"2":0},"b":{"0":[0,0],"1":[0,0]},"_coverageSchema":"43e27e138ebf9cfc5966b082cf9a028302ed4184","hash":"fc3246647b5e4357f79cc962446264dddc27e008"}
,"/Users/emmanuelihemegbulam/Documents/GitHub/Bankr-1.0/UI/src/components/MainNav.jsx": {"path":"/Users/emmanuelihemegbulam/Documents/GitHub/Bankr-1.0/UI/src/components/MainNav.jsx","statementMap":{"0":{"start":{"line":10,"column":4},"end":{"line":10,"column":17}},"1":{"start":{"line":14,"column":22},"end":{"line":14,"column":32}},"2":{"start":{"line":15,"column":4},"end":{"line":29,"column":6}}},"fnMap":{"0":{"name":"(anonymous_0)","decl":{"start":{"line":9,"column":2},"end":{"line":9,"column":3}},"loc":{"start":{"line":9,"column":21},"end":{"line":11,"column":3}},"line":9},"1":{"name":"(anonymous_1)","decl":{"start":{"line":13,"column":2},"end":{"line":13,"column":3}},"loc":{"start":{"line":13,"column":11},"end":{"line":30,"column":3}},"line":13}},"branchMap":{},"s":{"0":0,"1":0,"2":0},"f":{"0":0,"1":0},"b":{},"_coverageSchema":"43e27e138ebf9cfc5966b082cf9a028302ed4184","hash":"8f907df5f1c7283133ac1aec4a352db6c98094de"}
,"/Users/emmanuelihemegbulam/Documents/GitHub/Bankr-1.0/UI/src/components/MainNavHeader.jsx": {"path":"/Users/emmanuelihemegbulam/Documents/GitHub/Bankr-1.0/UI/src/components/MainNavHeader.jsx","statementMap":{"0":{"start":{"line":5,"column":22},"end":{"line":11,"column":1}},"1":{"start":{"line":6,"column":2},"end":{"line":10,"column":11}}},"fnMap":{"0":{"name":"(anonymous_0)","decl":{"start":{"line":5,"column":22},"end":{"line":5,"column":23}},"loc":{"start":{"line":6,"column":2},"end":{"line":10,"column":11}},"line":6}},"branchMap":{},"s":{"0":1,"1":0},"f":{"0":0},"b":{},"_coverageSchema":"43e27e138ebf9cfc5966b082cf9a028302ed4184","hash":"ae5b32ad730811fecce09690536676a22aca2f2c"}
,"/Users/emmanuelihemegbulam/Documents/GitHub/Bankr-1.0/UI/src/components/MobileMenu.jsx": {"path":"/Users/emmanuelihemegbulam/Documents/GitHub/Bankr-1.0/UI/src/components/MobileMenu.jsx","statementMap":{"0":{"start":{"line":5,"column":19},"end":{"line":15,"column":1}},"1":{"start":{"line":6,"column":30},"end":{"line":6,"column":35}},"2":{"start":{"line":7,"column":2},"end":{"line":14,"column":4}}},"fnMap":{"0":{"name":"(anonymous_0)","decl":{"start":{"line":5,"column":19},"end":{"line":5,"column":20}},"loc":{"start":{"line":5,"column":30},"end":{"line":15,"column":1}},"line":5}},"branchMap":{},"s":{"0":1,"1":0,"2":0},"f":{"0":0},"b":{},"_coverageSchema":"43e27e138ebf9cfc5966b082cf9a028302ed4184","hash":"bfcf5d96446385caae2704cc9b583ec8bfd58190"}
,"/Users/emmanuelihemegbulam/Documents/GitHub/Bankr-1.0/UI/src/components/NavList.jsx": {"path":"/Users/emmanuelihemegbulam/Documents/GitHub/Bankr-1.0/UI/src/components/NavList.jsx","statementMap":{"0":{"start":{"line":5,"column":16},"end":{"line":29,"column":1}},"1":{"start":{"line":6,"column":31},"end":{"line":6,"column":36}},"2":{"start":{"line":7,"column":12},"end":{"line":7,"column":13}},"3":{"start":{"line":9,"column":2},"end":{"line":28,"column":4}},"4":{"start":{"line":13,"column":10},"end":{"line":13,"column":19}},"5":{"start":{"line":14,"column":10},"end":{"line":24,"column":12}}},"fnMap":{"0":{"name":"(anonymous_0)","decl":{"start":{"line":5,"column":16},"end":{"line":5,"column":17}},"loc":{"start":{"line":5,"column":27},"end":{"line":29,"column":1}},"line":5},"1":{"name":"(anonymous_1)","decl":{"start":{"line":12,"column":18},"end":{"line":12,"column":19}},"loc":{"start":{"line":12,"column":28},"end":{"line":25,"column":9}},"line":12}},"branchMap":{},"s":{"0":1,"1":0,"2":0,"3":0,"4":0,"5":0},"f":{"0":0,"1":0},"b":{},"_coverageSchema":"43e27e138ebf9cfc5966b082cf9a028302ed4184","hash":"40013d23b20e6dd2ad176b0f1ec421c8a6fe605b"}
,"/Users/emmanuelihemegbulam/Documents/GitHub/Bankr-1.0/UI/src/components/NavListItem.jsx": {"path":"/Users/emmanuelihemegbulam/Documents/GitHub/Bankr-1.0/UI/src/components/NavListItem.jsx","statementMap":{"0":{"start":{"line":4,"column":20},"end":{"line":25,"column":1}},"1":{"start":{"line":12,"column":6},"end":{"line":12,"column":11}},"2":{"start":{"line":17,"column":2},"end":{"line":24,"column":4}}},"fnMap":{"0":{"name":"(anonymous_0)","decl":{"start":{"line":4,"column":20},"end":{"line":4,"column":21}},"loc":{"start":{"line":4,"column":31},"end":{"line":25,"column":1}},"line":4}},"branchMap":{},"s":{"0":1,"1":0,"2":0},"f":{"0":0},"b":{},"_coverageSchema":"43e27e138ebf9cfc5966b082cf9a028302ed4184","hash":"e6b1cdd5bee5b821eafc49ca8c19640f4310077c"}
,"/Users/emmanuelihemegbulam/Documents/GitHub/Bankr-1.0/UI/src/components/Navbar.jsx": {"path":"/Users/emmanuelihemegbulam/Documents/GitHub/Bankr-1.0/UI/src/components/Navbar.jsx","statementMap":{"0":{"start":{"line":4,"column":15},"end":{"line":28,"column":1}},"1":{"start":{"line":5,"column":40},"end":{"line":5,"column":45}},"2":{"start":{"line":6,"column":12},"end":{"line":6,"column":13}},"3":{"start":{"line":8,"column":2},"end":{"line":27,"column":4}},"4":{"start":{"line":12,"column":41},"end":{"line":12,"column":45}},"5":{"start":{"line":13,"column":10},"end":{"line":13,"column":19}},"6":{"start":{"line":15,"column":10},"end":{"line":23,"column":12}}},"fnMap":{"0":{"name":"(anonymous_0)","decl":{"start":{"line":4,"column":15},"end":{"line":4,"column":16}},"loc":{"start":{"line":4,"column":26},"end":{"line":28,"column":1}},"line":4},"1":{"name":"(anonymous_1)","decl":{"start":{"line":11,"column":17},"end":{"line":11,"column":18}},"loc":{"start":{"line":11,"column":27},"end":{"line":24,"column":9}},"line":11}},"branchMap":{},"s":{"0":2,"1":0,"2":0,"3":0,"4":0,"5":0,"6":0},"f":{"0":0,"1":0},"b":{},"_coverageSchema":"43e27e138ebf9cfc5966b082cf9a028302ed4184","hash":"bd8ee83057a373a21bcc4f26a8e64bd57cdd77f0"}
,"/Users/emmanuelihemegbulam/Documents/GitHub/Bankr-1.0/UI/src/components/PageSwitcher.jsx": {"path":"/Users/emmanuelihemegbulam/Documents/GitHub/Bankr-1.0/UI/src/components/PageSwitcher.jsx","statementMap":{"0":{"start":{"line":20,"column":21},"end":{"line":51,"column":1}},"1":{"start":{"line":21,"column":2},"end":{"line":50,"column":3}},"2":{"start":{"line":24,"column":6},"end":{"line":24,"column":66}},"3":{"start":{"line":25,"column":6},"end":{"line":25,"column":64}},"4":{"start":{"line":26,"column":6},"end":{"line":26,"column":72}},"5":{"start":{"line":27,"column":6},"end":{"line":33,"column":8}},"6":{"start":{"line":35,"column":6},"end":{"line":41,"column":8}},"7":{"start":{"line":43,"column":6},"end":{"line":49,"column":8}},"8":{"start":{"line":53,"column":33},"end":{"line":57,"column":1}},"9":{"start":{"line":54,"column":2},"end":{"line":56,"column":3}}},"fnMap":{"0":{"name":"(anonymous_0)","decl":{"start":{"line":20,"column":21},"end":{"line":20,"column":22}},"loc":{"start":{"line":20,"column":41},"end":{"line":51,"column":1}},"line":20},"1":{"name":"(anonymous_1)","decl":{"start":{"line":53,"column":33},"end":{"line":53,"column":34}},"loc":{"start":{"line":54,"column":2},"end":{"line":56,"column":3}},"line":54}},"branchMap":{"0":{"loc":{"start":{"line":21,"column":2},"end":{"line":50,"column":3}},"type":"switch","locations":[{"start":{"line":22,"column":4},"end":{"line":22,"column":16}},{"start":{"line":23,"column":4},"end":{"line":33,"column":8}},{"start":{"line":34,"column":4},"end":{"line":41,"column":8}},{"start":{"line":42,"column":4},"end":{"line":49,"column":8}}],"line":21}},"s":{"0":1,"1":0,"2":0,"3":0,"4":0,"5":0,"6":0,"7":0,"8":1,"9":0},"f":{"0":0,"1":0},"b":{"0":[0,0,0,0]},"_coverageSchema":"43e27e138ebf9cfc5966b082cf9a028302ed4184","hash":"4d794b4cf235c03474bae489e957b795df17f037"}
,"/Users/emmanuelihemegbulam/Documents/GitHub/Bankr-1.0/UI/src/components/SettingsModal.jsx": {"path":"/Users/emmanuelihemegbulam/Documents/GitHub/Bankr-1.0/UI/src/components/SettingsModal.jsx","statementMap":{"0":{"start":{"line":6,"column":22},"end":{"line":57,"column":1}},"1":{"start":{"line":7,"column":32},"end":{"line":9,"column":3}},"2":{"start":{"line":8,"column":4},"end":{"line":8,"column":32}},"3":{"start":{"line":11,"column":2},"end":{"line":56,"column":4}},"4":{"start":{"line":59,"column":33},"end":{"line":64,"column":1}},"5":{"start":{"line":60,"column":31},"end":{"line":60,"column":49}},"6":{"start":{"line":61,"column":2},"end":{"line":63,"column":5}}},"fnMap":{"0":{"name":"(anonymous_0)","decl":{"start":{"line":6,"column":22},"end":{"line":6,"column":23}},"loc":{"start":{"line":6,"column":60},"end":{"line":57,"column":1}},"line":6},"1":{"name":"(anonymous_1)","decl":{"start":{"line":7,"column":32},"end":{"line":7,"column":33}},"loc":{"start":{"line":7,"column":38},"end":{"line":9,"column":3}},"line":7},"2":{"name":"(anonymous_2)","decl":{"start":{"line":59,"column":33},"end":{"line":59,"column":34}},"loc":{"start":{"line":59,"column":44},"end":{"line":64,"column":1}},"line":59}},"branchMap":{},"s":{"0":1,"1":0,"2":0,"3":0,"4":1,"5":0,"6":0},"f":{"0":0,"1":0,"2":0},"b":{},"_coverageSchema":"43e27e138ebf9cfc5966b082cf9a028302ed4184","hash":"4f12a5d1b683b0fb87dcf5a48894c3b5b576afc5"}
,"/Users/emmanuelihemegbulam/Documents/GitHub/Bankr-1.0/UI/src/components/SignupFormFooter.jsx": {"path":"/Users/emmanuelihemegbulam/Documents/GitHub/Bankr-1.0/UI/src/components/SignupFormFooter.jsx","statementMap":{"0":{"start":{"line":5,"column":25},"end":{"line":12,"column":1}},"1":{"start":{"line":6,"column":2},"end":{"line":11,"column":8}}},"fnMap":{"0":{"name":"(anonymous_0)","decl":{"start":{"line":5,"column":25},"end":{"line":5,"column":26}},"loc":{"start":{"line":6,"column":2},"end":{"line":11,"column":8}},"line":6}},"branchMap":{},"s":{"0":1,"1":0},"f":{"0":0},"b":{},"_coverageSchema":"43e27e138ebf9cfc5966b082cf9a028302ed4184","hash":"22e14e7859096b3861cb5802fecbaccca8e7c90f"}
,"/Users/emmanuelihemegbulam/Documents/GitHub/Bankr-1.0/UI/src/components/SingleAccountBox.jsx": {"path":"/Users/emmanuelihemegbulam/Documents/GitHub/Bankr-1.0/UI/src/components/SingleAccountBox.jsx","statementMap":{"0":{"start":{"line":3,"column":25},"end":{"line":35,"column":1}},"1":{"start":{"line":8,"column":6},"end":{"line":8,"column":11}},"2":{"start":{"line":10,"column":2},"end":{"line":34,"column":4}}},"fnMap":{"0":{"name":"(anonymous_0)","decl":{"start":{"line":3,"column":25},"end":{"line":3,"column":26}},"loc":{"start":{"line":3,"column":36},"end":{"line":35,"column":1}},"line":3}},"branchMap":{},"s":{"0":1,"1":0,"2":0},"f":{"0":0},"b":{},"_coverageSchema":"43e27e138ebf9cfc5966b082cf9a028302ed4184","hash":"51f217452460e1bf7752d8de3939963b8f095dab"}
,"/Users/emmanuelihemegbulam/Documents/GitHub/Bankr-1.0/UI/src/components/SingleTransactionBox.jsx": {"path":"/Users/emmanuelihemegbulam/Documents/GitHub/Bankr-1.0/UI/src/components/SingleTransactionBox.jsx","statementMap":{"0":{"start":{"line":3,"column":29},"end":{"line":31,"column":1}},"1":{"start":{"line":9,"column":6},"end":{"line":9,"column":11}},"2":{"start":{"line":11,"column":2},"end":{"line":11,"column":21}},"3":{"start":{"line":13,"column":2},"end":{"line":30,"column":4}}},"fnMap":{"0":{"name":"(anonymous_0)","decl":{"start":{"line":3,"column":29},"end":{"line":3,"column":30}},"loc":{"start":{"line":3,"column":40},"end":{"line":31,"column":1}},"line":3}},"branchMap":{},"s":{"0":1,"1":0,"2":0,"3":0},"f":{"0":0},"b":{},"_coverageSchema":"43e27e138ebf9cfc5966b082cf9a028302ed4184","hash":"2dde5dd0c35adee4aa0443aa2a649178a9e009e7"}
,"/Users/emmanuelihemegbulam/Documents/GitHub/Bankr-1.0/UI/src/components/TransactionList.jsx": {"path":"/Users/emmanuelihemegbulam/Documents/GitHub/Bankr-1.0/UI/src/components/TransactionList.jsx","statementMap":{"0":{"start":{"line":5,"column":24},"end":{"line":34,"column":1}},"1":{"start":{"line":6,"column":25},"end":{"line":6,"column":30}},"2":{"start":{"line":7,"column":12},"end":{"line":7,"column":13}},"3":{"start":{"line":9,"column":2},"end":{"line":33,"column":4}},"4":{"start":{"line":13,"column":10},"end":{"line":13,"column":19}},"5":{"start":{"line":19,"column":14},"end":{"line":19,"column":18}},"6":{"start":{"line":21,"column":10},"end":{"line":29,"column":12}}},"fnMap":{"0":{"name":"(anonymous_0)","decl":{"start":{"line":5,"column":24},"end":{"line":5,"column":25}},"loc":{"start":{"line":5,"column":35},"end":{"line":34,"column":1}},"line":5},"1":{"name":"(anonymous_1)","decl":{"start":{"line":12,"column":23},"end":{"line":12,"column":24}},"loc":{"start":{"line":12,"column":33},"end":{"line":30,"column":9}},"line":12}},"branchMap":{},"s":{"0":1,"1":0,"2":0,"3":0,"4":0,"5":0,"6":0},"f":{"0":0,"1":0},"b":{},"_coverageSchema":"43e27e138ebf9cfc5966b082cf9a028302ed4184","hash":"c3cb5e9e303badf8b3344d06f359b3f57940d819"}
,"/Users/emmanuelihemegbulam/Documents/GitHub/Bankr-1.0/UI/src/components/UserPanelBox.jsx": {"path":"/Users/emmanuelihemegbulam/Documents/GitHub/Bankr-1.0/UI/src/components/UserPanelBox.jsx","statementMap":{"0":{"start":{"line":7,"column":21},"end":{"line":32,"column":1}},"1":{"start":{"line":8,"column":25},"end":{"line":8,"column":30}},"2":{"start":{"line":10,"column":30},"end":{"line":12,"column":3}},"3":{"start":{"line":11,"column":4},"end":{"line":11,"column":53}},"4":{"start":{"line":14,"column":2},"end":{"line":31,"column":4}},"5":{"start":{"line":34,"column":33},"end":{"line":41,"column":1}},"6":{"start":{"line":35,"column":29},"end":{"line":35,"column":47}},"7":{"start":{"line":36,"column":2},"end":{"line":40,"column":4}}},"fnMap":{"0":{"name":"(anonymous_0)","decl":{"start":{"line":7,"column":21},"end":{"line":7,"column":22}},"loc":{"start":{"line":7,"column":46},"end":{"line":32,"column":1}},"line":7},"1":{"name":"(anonymous_1)","decl":{"start":{"line":10,"column":30},"end":{"line":10,"column":31}},"loc":{"start":{"line":10,"column":36},"end":{"line":12,"column":3}},"line":10},"2":{"name":"(anonymous_2)","decl":{"start":{"line":34,"column":33},"end":{"line":34,"column":34}},"loc":{"start":{"line":34,"column":44},"end":{"line":41,"column":1}},"line":34}},"branchMap":{},"s":{"0":1,"1":0,"2":0,"3":0,"4":0,"5":1,"6":0,"7":0},"f":{"0":0,"1":0,"2":0},"b":{},"_coverageSchema":"43e27e138ebf9cfc5966b082cf9a028302ed4184","hash":"e4b0fa29913edc4270c00a5adc808ebc501026c5"}
,"/Users/emmanuelihemegbulam/Documents/GitHub/Bankr-1.0/UI/src/components/componentsData.js": {"path":"/Users/emmanuelihemegbulam/Documents/GitHub/Bankr-1.0/UI/src/components/componentsData.js","statementMap":{"0":{"start":{"line":1,"column":28},"end":{"line":26,"column":1}},"1":{"start":{"line":28,"column":29},"end":{"line":53,"column":1}},"2":{"start":{"line":55,"column":29},"end":{"line":80,"column":1}},"3":{"start":{"line":82,"column":35},"end":{"line":107,"column":1}},"4":{"start":{"line":109,"column":36},"end":{"line":134,"column":1}},"5":{"start":{"line":136,"column":36},"end":{"line":161,"column":1}}},"fnMap":{},"branchMap":{},"s":{"0":1,"1":1,"2":1,"3":1,"4":1,"5":1},"f":{},"b":{},"_coverageSchema":"43e27e138ebf9cfc5966b082cf9a028302ed4184","hash":"eeda89f14038a64b37c405a68177f0a0641d2c0c"}
,"/Users/emmanuelihemegbulam/Documents/GitHub/Bankr-1.0/UI/src/containers/MainTemplate.jsx": {"path":"/Users/emmanuelihemegbulam/Documents/GitHub/Bankr-1.0/UI/src/containers/MainTemplate.jsx","statementMap":{"0":{"start":{"line":3,"column":21},"end":{"line":7,"column":1}},"1":{"start":{"line":4,"column":2},"end":{"line":6,"column":9}}},"fnMap":{"0":{"name":"(anonymous_0)","decl":{"start":{"line":3,"column":21},"end":{"line":3,"column":22}},"loc":{"start":{"line":4,"column":2},"end":{"line":6,"column":9}},"line":4}},"branchMap":{},"s":{"0":1,"1":0},"f":{"0":0},"b":{},"_coverageSchema":"43e27e138ebf9cfc5966b082cf9a028302ed4184","hash":"4131460b072deed0e8b593fe05c8a7ddbcfa2df0"}
,"/Users/emmanuelihemegbulam/Documents/GitHub/Bankr-1.0/UI/src/helpers/GetDateString.js": {"path":"/Users/emmanuelihemegbulam/Documents/GitHub/Bankr-1.0/UI/src/helpers/GetDateString.js","statementMap":{"0":{"start":{"line":3,"column":4},"end":{"line":3,"column":58}},"1":{"start":{"line":7,"column":4},"end":{"line":7,"column":61}}},"fnMap":{"0":{"name":"(anonymous_0)","decl":{"start":{"line":2,"column":2},"end":{"line":2,"column":3}},"loc":{"start":{"line":2,"column":42},"end":{"line":4,"column":3}},"line":2},"1":{"name":"(anonymous_1)","decl":{"start":{"line":6,"column":2},"end":{"line":6,"column":3}},"loc":{"start":{"line":6,"column":41},"end":{"line":8,"column":3}},"line":6}},"branchMap":{},"s":{"0":0,"1":0},"f":{"0":0,"1":0},"b":{},"_coverageSchema":"43e27e138ebf9cfc5966b082cf9a028302ed4184","hash":"fc0af781380d4538fceec1f2addec84ba16a8cf3"}
,"/Users/emmanuelihemegbulam/Documents/GitHub/Bankr-1.0/UI/src/helpers/auth.js": {"path":"/Users/emmanuelihemegbulam/Documents/GitHub/Bankr-1.0/UI/src/helpers/auth.js","statementMap":{"0":{"start":{"line":5,"column":15},"end":{"line":21,"column":1}},"1":{"start":{"line":6,"column":20},"end":{"line":6,"column":24}},"2":{"start":{"line":7,"column":22},"end":{"line":11,"column":3}},"3":{"start":{"line":13,"column":2},"end":{"line":20,"column":7}},"4":{"start":{"line":15,"column":25},"end":{"line":15,"column":28}},"5":{"start":{"line":16,"column":6},"end":{"line":18,"column":7}},"6":{"start":{"line":17,"column":8},"end":{"line":17,"column":20}},"7":{"start":{"line":19,"column":6},"end":{"line":19,"column":19}}},"fnMap":{"0":{"name":"(anonymous_0)","decl":{"start":{"line":5,"column":15},"end":{"line":5,"column":16}},"loc":{"start":{"line":5,"column":25},"end":{"line":21,"column":1}},"line":5},"1":{"name":"(anonymous_1)","decl":{"start":{"line":14,"column":10},"end":{"line":14,"column":11}},"loc":{"start":{"line":14,"column":19},"end":{"line":20,"column":5}},"line":14}},"branchMap":{"0":{"loc":{"start":{"line":16,"column":6},"end":{"line":18,"column":7}},"type":"if","locations":[{"start":{"line":16,"column":6},"end":{"line":18,"column":7}},{"start":{"line":16,"column":6},"end":{"line":18,"column":7}}],"line":16}},"s":{"0":0,"1":0,"2":0,"3":0,"4":0,"5":0,"6":0,"7":0},"f":{"0":0,"1":0},"b":{"0":[0,0]},"hash":"69cc7d20dfb02044f3cbe2067e30103bf16fe30f"}
,"/Users/emmanuelihemegbulam/Documents/GitHub/Bankr-1.0/UI/src/helpers/authSwitcher.js": {"path":"/Users/emmanuelihemegbulam/Documents/GitHub/Bankr-1.0/UI/src/helpers/authSwitcher.js","statementMap":{"0":{"start":{"line":7,"column":21},"end":{"line":16,"column":1}},"1":{"start":{"line":8,"column":2},"end":{"line":14,"column":3}},"2":{"start":{"line":9,"column":21},"end":{"line":9,"column":25}},"3":{"start":{"line":10,"column":4},"end":{"line":12,"column":5}},"4":{"start":{"line":11,"column":6},"end":{"line":11,"column":29}},"5":{"start":{"line":13,"column":4},"end":{"line":13,"column":25}},"6":{"start":{"line":15,"column":2},"end":{"line":15,"column":19}}},"fnMap":{"0":{"name":"(anonymous_0)","decl":{"start":{"line":7,"column":21},"end":{"line":7,"column":22}},"loc":{"start":{"line":7,"column":54},"end":{"line":16,"column":1}},"line":7}},"branchMap":{"0":{"loc":{"start":{"line":8,"column":2},"end":{"line":14,"column":3}},"type":"if","locations":[{"start":{"line":8,"column":2},"end":{"line":14,"column":3}},{"start":{"line":8,"column":2},"end":{"line":14,"column":3}}],"line":8},"1":{"loc":{"start":{"line":10,"column":4},"end":{"line":12,"column":5}},"type":"if","locations":[{"start":{"line":10,"column":4},"end":{"line":12,"column":5}},{"start":{"line":10,"column":4},"end":{"line":12,"column":5}}],"line":10}},"s":{"0":1,"1":0,"2":0,"3":0,"4":0,"5":0,"6":0},"f":{"0":0},"b":{"0":[0,0],"1":[0,0]},"_coverageSchema":"43e27e138ebf9cfc5966b082cf9a028302ed4184","hash":"70ccff418df2a7a3fa4cb11514ac40a771709e1e"}
,"/Users/emmanuelihemegbulam/Documents/GitHub/Bankr-1.0/UI/src/helpers/getMobileMenuLinks.js": {"path":"/Users/emmanuelihemegbulam/Documents/GitHub/Bankr-1.0/UI/src/helpers/getMobileMenuLinks.js","statementMap":{"0":{"start":{"line":3,"column":27},"end":{"line":15,"column":1}},"1":{"start":{"line":4,"column":2},"end":{"line":14,"column":3}},"2":{"start":{"line":7,"column":6},"end":{"line":7,"column":33}},"3":{"start":{"line":10,"column":6},"end":{"line":10,"column":34}},"4":{"start":{"line":13,"column":6},"end":{"line":13,"column":34}}},"fnMap":{"0":{"name":"(anonymous_0)","decl":{"start":{"line":3,"column":27},"end":{"line":3,"column":28}},"loc":{"start":{"line":3,"column":37},"end":{"line":15,"column":1}},"line":3}},"branchMap":{"0":{"loc":{"start":{"line":4,"column":2},"end":{"line":14,"column":3}},"type":"switch","locations":[{"start":{"line":5,"column":4},"end":{"line":5,"column":16}},{"start":{"line":6,"column":4},"end":{"line":7,"column":33}},{"start":{"line":9,"column":4},"end":{"line":10,"column":34}},{"start":{"line":12,"column":4},"end":{"line":13,"column":34}}],"line":4}},"s":{"0":1,"1":0,"2":0,"3":0,"4":0},"f":{"0":0},"b":{"0":[0,0,0,0]},"_coverageSchema":"43e27e138ebf9cfc5966b082cf9a028302ed4184","hash":"0d83fc0e76bef48bdb3c311e0e400aaa8beefcf3"}
,"/Users/emmanuelihemegbulam/Documents/GitHub/Bankr-1.0/UI/src/helpers/getTrimmedList.js": {"path":"/Users/emmanuelihemegbulam/Documents/GitHub/Bankr-1.0/UI/src/helpers/getTrimmedList.js","statementMap":{"0":{"start":{"line":1,"column":23},"end":{"line":1,"column":69}},"1":{"start":{"line":1,"column":44},"end":{"line":1,"column":69}}},"fnMap":{"0":{"name":"(anonymous_0)","decl":{"start":{"line":1,"column":23},"end":{"line":1,"column":24}},"loc":{"start":{"line":1,"column":44},"end":{"line":1,"column":69}},"line":1}},"branchMap":{},"s":{"0":1,"1":0},"f":{"0":0},"b":{},"_coverageSchema":"43e27e138ebf9cfc5966b082cf9a028302ed4184","hash":"d663b68ebd5f89bf535c53f59dd27e9c0728eb65"}
,"/Users/emmanuelihemegbulam/Documents/GitHub/Bankr-1.0/UI/src/helpers/redirectToDashboard.js": {"path":"/Users/emmanuelihemegbulam/Documents/GitHub/Bankr-1.0/UI/src/helpers/redirectToDashboard.js","statementMap":{"0":{"start":{"line":1,"column":28},"end":{"line":16,"column":1}},"1":{"start":{"line":4,"column":2},"end":{"line":14,"column":3}},"2":{"start":{"line":6,"column":6},"end":{"line":6,"column":37}},"3":{"start":{"line":7,"column":6},"end":{"line":7,"column":12}},"4":{"start":{"line":9,"column":6},"end":{"line":9,"column":37}},"5":{"start":{"line":10,"column":6},"end":{"line":10,"column":12}},"6":{"start":{"line":13,"column":6},"end":{"line":13,"column":36}},"7":{"start":{"line":15,"column":2},"end":{"line":15,"column":26}}},"fnMap":{"0":{"name":"(anonymous_0)","decl":{"start":{"line":1,"column":28},"end":{"line":1,"column":29}},"loc":{"start":{"line":1,"column":47},"end":{"line":16,"column":1}},"line":1}},"branchMap":{"0":{"loc":{"start":{"line":4,"column":2},"end":{"line":14,"column":3}},"type":"switch","locations":[{"start":{"line":5,"column":4},"end":{"line":7,"column":12}},{"start":{"line":8,"column":4},"end":{"line":10,"column":12}},{"start":{"line":11,"column":4},"end":{"line":11,"column":18}},{"start":{"line":12,"column":4},"end":{"line":13,"column":36}}],"line":4}},"s":{"0":1,"1":0,"2":0,"3":0,"4":0,"5":0,"6":0,"7":0},"f":{"0":0},"b":{"0":[0,0,0,0]},"_coverageSchema":"43e27e138ebf9cfc5966b082cf9a028302ed4184","hash":"8e357b9f2a5738059a0764cd4385dc9381563d42"}
,"/Users/emmanuelihemegbulam/Documents/GitHub/Bankr-1.0/UI/src/pages/AdminAccounts.jsx": {"path":"/Users/emmanuelihemegbulam/Documents/GitHub/Bankr-1.0/UI/src/pages/AdminAccounts.jsx","statementMap":{"0":{"start":{"line":8,"column":4},"end":{"line":8,"column":17}},"1":{"start":{"line":12,"column":4},"end":{"line":31,"column":6}}},"fnMap":{"0":{"name":"(anonymous_0)","decl":{"start":{"line":7,"column":2},"end":{"line":7,"column":3}},"loc":{"start":{"line":7,"column":21},"end":{"line":9,"column":3}},"line":7},"1":{"name":"(anonymous_1)","decl":{"start":{"line":11,"column":2},"end":{"line":11,"column":3}},"loc":{"start":{"line":11,"column":11},"end":{"line":32,"column":3}},"line":11}},"branchMap":{},"s":{"0":0,"1":0},"f":{"0":0,"1":0},"b":{},"_coverageSchema":"43e27e138ebf9cfc5966b082cf9a028302ed4184","hash":"be158fd37e0c574f825c53e7509f412f62e2729e"}
,"/Users/emmanuelihemegbulam/Documents/GitHub/Bankr-1.0/UI/src/pages/AdminDashboard.jsx": {"path":"/Users/emmanuelihemegbulam/Documents/GitHub/Bankr-1.0/UI/src/pages/AdminDashboard.jsx","statementMap":{"0":{"start":{"line":8,"column":4},"end":{"line":8,"column":17}},"1":{"start":{"line":12,"column":4},"end":{"line":26,"column":6}}},"fnMap":{"0":{"name":"(anonymous_0)","decl":{"start":{"line":7,"column":2},"end":{"line":7,"column":3}},"loc":{"start":{"line":7,"column":21},"end":{"line":9,"column":3}},"line":7},"1":{"name":"(anonymous_1)","decl":{"start":{"line":11,"column":2},"end":{"line":11,"column":3}},"loc":{"start":{"line":11,"column":11},"end":{"line":27,"column":3}},"line":11}},"branchMap":{},"s":{"0":0,"1":0},"f":{"0":0,"1":0},"b":{},"_coverageSchema":"43e27e138ebf9cfc5966b082cf9a028302ed4184","hash":"b0def81c620a7b7115babc8ab951622c48df4b73"}
,"/Users/emmanuelihemegbulam/Documents/GitHub/Bankr-1.0/UI/src/pages/AdminPage.jsx": {"path":"/Users/emmanuelihemegbulam/Documents/GitHub/Bankr-1.0/UI/src/pages/AdminPage.jsx","statementMap":{"0":{"start":{"line":9,"column":4},"end":{"line":9,"column":17}},"1":{"start":{"line":13,"column":4},"end":{"line":18,"column":6}}},"fnMap":{"0":{"name":"(anonymous_0)","decl":{"start":{"line":8,"column":2},"end":{"line":8,"column":3}},"loc":{"start":{"line":8,"column":21},"end":{"line":10,"column":3}},"line":8},"1":{"name":"(anonymous_1)","decl":{"start":{"line":12,"column":2},"end":{"line":12,"column":3}},"loc":{"start":{"line":12,"column":11},"end":{"line":19,"column":3}},"line":12}},"branchMap":{},"s":{"0":0,"1":0},"f":{"0":0,"1":0},"b":{},"_coverageSchema":"43e27e138ebf9cfc5966b082cf9a028302ed4184","hash":"327ad2998b8b4b9e7ec6eee2a494acac6fab345b"}
,"/Users/emmanuelihemegbulam/Documents/GitHub/Bankr-1.0/UI/src/pages/CreditDebit.jsx": {"path":"/Users/emmanuelihemegbulam/Documents/GitHub/Bankr-1.0/UI/src/pages/CreditDebit.jsx","statementMap":{"0":{"start":{"line":8,"column":4},"end":{"line":8,"column":17}},"1":{"start":{"line":12,"column":4},"end":{"line":43,"column":6}}},"fnMap":{"0":{"name":"(anonymous_0)","decl":{"start":{"line":7,"column":2},"end":{"line":7,"column":3}},"loc":{"start":{"line":7,"column":21},"end":{"line":9,"column":3}},"line":7},"1":{"name":"(anonymous_1)","decl":{"start":{"line":11,"column":2},"end":{"line":11,"column":3}},"loc":{"start":{"line":11,"column":11},"end":{"line":44,"column":3}},"line":11}},"branchMap":{},"s":{"0":0,"1":0},"f":{"0":0,"1":0},"b":{},"_coverageSchema":"43e27e138ebf9cfc5966b082cf9a028302ed4184","hash":"59485bdb7b0070774c73bab39fc3c23d5296e694"}
,"/Users/emmanuelihemegbulam/Documents/GitHub/Bankr-1.0/UI/src/pages/ForbiddenPage.jsx": {"path":"/Users/emmanuelihemegbulam/Documents/GitHub/Bankr-1.0/UI/src/pages/ForbiddenPage.jsx","statementMap":{"0":{"start":{"line":3,"column":22},"end":{"line":8,"column":1}},"1":{"start":{"line":4,"column":2},"end":{"line":7,"column":8}}},"fnMap":{"0":{"name":"(anonymous_0)","decl":{"start":{"line":3,"column":22},"end":{"line":3,"column":23}},"loc":{"start":{"line":4,"column":2},"end":{"line":7,"column":8}},"line":4}},"branchMap":{},"s":{"0":1,"1":0},"f":{"0":0},"b":{},"_coverageSchema":"43e27e138ebf9cfc5966b082cf9a028302ed4184","hash":"e7ba8a264d8f281e438c928b0f358b3366099f29"}
,"/Users/emmanuelihemegbulam/Documents/GitHub/Bankr-1.0/UI/src/pages/HomePage.jsx": {"path":"/Users/emmanuelihemegbulam/Documents/GitHub/Bankr-1.0/UI/src/pages/HomePage.jsx","statementMap":{"0":{"start":{"line":11,"column":18},"end":{"line":14,"column":5}},"1":{"start":{"line":16,"column":4},"end":{"line":28,"column":6}}},"fnMap":{"0":{"name":"(anonymous_0)","decl":{"start":{"line":10,"column":2},"end":{"line":10,"column":3}},"loc":{"start":{"line":10,"column":11},"end":{"line":29,"column":3}},"line":10}},"branchMap":{},"s":{"0":4,"1":4},"f":{"0":4},"b":{},"_coverageSchema":"43e27e138ebf9cfc5966b082cf9a028302ed4184","hash":"2d843af11b6cda96507c07791c442dca721f950b"}
,"/Users/emmanuelihemegbulam/Documents/GitHub/Bankr-1.0/UI/src/pages/LoginPage.jsx": {"path":"/Users/emmanuelihemegbulam/Documents/GitHub/Bankr-1.0/UI/src/pages/LoginPage.jsx","statementMap":{"0":{"start":{"line":18,"column":4},"end":{"line":18,"column":17}},"1":{"start":{"line":20,"column":4},"end":{"line":20,"column":53}},"2":{"start":{"line":21,"column":4},"end":{"line":21,"column":51}},"3":{"start":{"line":22,"column":4},"end":{"line":22,"column":57}},"4":{"start":{"line":26,"column":22},"end":{"line":26,"column":30}},"5":{"start":{"line":27,"column":25},"end":{"line":27,"column":35}},"6":{"start":{"line":28,"column":23},"end":{"line":28,"column":176}},"7":{"start":{"line":29,"column":18},"end":{"line":29,"column":77}},"8":{"start":{"line":31,"column":4},"end":{"line":31,"column":67}},"9":{"start":{"line":35,"column":22},"end":{"line":35,"column":30}},"10":{"start":{"line":36,"column":25},"end":{"line":36,"column":35}},"11":{"start":{"line":37,"column":27},"end":{"line":37,"column":39}},"12":{"start":{"line":38,"column":16},"end":{"line":38,"column":64}},"13":{"start":{"line":39,"column":18},"end":{"line":39,"column":70}},"14":{"start":{"line":41,"column":4},"end":{"line":41,"column":73}},"15":{"start":{"line":45,"column":4},"end":{"line":45,"column":23}},"16":{"start":{"line":46,"column":47},"end":{"line":46,"column":57}},"17":{"start":{"line":47,"column":32},"end":{"line":47,"column":44}},"18":{"start":{"line":48,"column":59},"end":{"line":48,"column":65}},"19":{"start":{"line":49,"column":4},"end":{"line":68,"column":5}},"20":{"start":{"line":50,"column":24},"end":{"line":50,"column":36}},"21":{"start":{"line":51,"column":27},"end":{"line":55,"column":7}},"22":{"start":{"line":57,"column":6},"end":{"line":64,"column":11}},"23":{"start":{"line":59,"column":27},"end":{"line":59,"column":30}},"24":{"start":{"line":60,"column":27},"end":{"line":60,"column":34}},"25":{"start":{"line":61,"column":30},"end":{"line":61,"column":40}},"26":{"start":{"line":62,"column":10},"end":{"line":62,"column":39}},"27":{"start":{"line":63,"column":10},"end":{"line":63,"column":45}},"28":{"start":{"line":66,"column":18},"end":{"line":66,"column":44}},"29":{"start":{"line":67,"column":6},"end":{"line":67,"column":23}},"30":{"start":{"line":73,"column":47},"end":{"line":73,"column":57}},"31":{"start":{"line":74,"column":32},"end":{"line":74,"column":44}},"32":{"start":{"line":75,"column":65},"end":{"line":75,"column":71}},"33":{"start":{"line":76,"column":28},"end":{"line":76,"column":44}},"34":{"start":{"line":78,"column":4},"end":{"line":116,"column":6}},"35":{"start":{"line":120,"column":24},"end":{"line":124,"column":2}},"36":{"start":{"line":120,"column":34},"end":{"line":124,"column":1}}},"fnMap":{"0":{"name":"(anonymous_0)","decl":{"start":{"line":17,"column":2},"end":{"line":17,"column":3}},"loc":{"start":{"line":17,"column":21},"end":{"line":23,"column":3}},"line":17},"1":{"name":"(anonymous_1)","decl":{"start":{"line":25,"column":2},"end":{"line":25,"column":3}},"loc":{"start":{"line":25,"column":17},"end":{"line":32,"column":3}},"line":25},"2":{"name":"(anonymous_2)","decl":{"start":{"line":34,"column":2},"end":{"line":34,"column":3}},"loc":{"start":{"line":34,"column":20},"end":{"line":42,"column":3}},"line":34},"3":{"name":"(anonymous_3)","decl":{"start":{"line":44,"column":2},"end":{"line":44,"column":3}},"loc":{"start":{"line":44,"column":18},"end":{"line":69,"column":3}},"line":44},"4":{"name":"(anonymous_4)","decl":{"start":{"line":58,"column":14},"end":{"line":58,"column":15}},"loc":{"start":{"line":58,"column":23},"end":{"line":64,"column":9}},"line":58},"5":{"name":"(anonymous_5)","decl":{"start":{"line":72,"column":2},"end":{"line":72,"column":3}},"loc":{"start":{"line":72,"column":11},"end":{"line":117,"column":3}},"line":72},"6":{"name":"(anonymous_6)","decl":{"start":{"line":120,"column":24},"end":{"line":120,"column":25}},"loc":{"start":{"line":120,"column":34},"end":{"line":124,"column":1}},"line":120}},"branchMap":{"0":{"loc":{"start":{"line":29,"column":18},"end":{"line":29,"column":77}},"type":"cond-expr","locations":[{"start":{"line":29,"column":43},"end":{"line":29,"column":45}},{"start":{"line":29,"column":48},"end":{"line":29,"column":77}}],"line":29},"1":{"loc":{"start":{"line":39,"column":18},"end":{"line":39,"column":70}},"type":"cond-expr","locations":[{"start":{"line":39,"column":62},"end":{"line":39,"column":64}},{"start":{"line":39,"column":67},"end":{"line":39,"column":70}}],"line":39},"2":{"loc":{"start":{"line":39,"column":18},"end":{"line":39,"column":59}},"type":"binary-expr","locations":[{"start":{"line":39,"column":18},"end":{"line":39,"column":36}},{"start":{"line":39,"column":40},"end":{"line":39,"column":59}}],"line":39},"3":{"loc":{"start":{"line":49,"column":4},"end":{"line":68,"column":5}},"type":"if","locations":[{"start":{"line":49,"column":4},"end":{"line":68,"column":5}},{"start":{"line":49,"column":4},"end":{"line":68,"column":5}}],"line":49},"4":{"loc":{"start":{"line":49,"column":8},"end":{"line":49,"column":58}},"type":"binary-expr","locations":[{"start":{"line":49,"column":8},"end":{"line":49,"column":13}},{"start":{"line":49,"column":17},"end":{"line":49,"column":25}},{"start":{"line":49,"column":29},"end":{"line":49,"column":40}},{"start":{"line":49,"column":44},"end":{"line":49,"column":58}}],"line":49},"5":{"loc":{"start":{"line":76,"column":28},"end":{"line":76,"column":44}},"type":"binary-expr","locations":[{"start":{"line":76,"column":28},"end":{"line":76,"column":32}},{"start":{"line":76,"column":36},"end":{"line":76,"column":44}}],"line":76}},"s":{"0":0,"1":0,"2":0,"3":0,"4":0,"5":0,"6":0,"7":0,"8":0,"9":0,"10":0,"11":0,"12":0,"13":0,"14":0,"15":0,"16":0,"17":0,"18":0,"19":0,"20":0,"21":0,"22":0,"23":0,"24":0,"25":0,"26":0,"27":0,"28":0,"29":0,"30":0,"31":0,"32":0,"33":0,"34":0,"35":1,"36":0},"f":{"0":0,"1":0,"2":0,"3":0,"4":0,"5":0,"6":0},"b":{"0":[0,0],"1":[0,0],"2":[0,0],"3":[0,0],"4":[0,0,0,0],"5":[0,0]},"_coverageSchema":"43e27e138ebf9cfc5966b082cf9a028302ed4184","hash":"cfb1737861a77f7701c8cb84ecff7851e97bc638"}
,"/Users/emmanuelihemegbulam/Documents/GitHub/Bankr-1.0/UI/src/pages/SignupPage.jsx": {"path":"/Users/emmanuelihemegbulam/Documents/GitHub/Bankr-1.0/UI/src/pages/SignupPage.jsx","statementMap":{"0":{"start":{"line":25,"column":4},"end":{"line":25,"column":17}},"1":{"start":{"line":27,"column":4},"end":{"line":27,"column":53}},"2":{"start":{"line":28,"column":4},"end":{"line":28,"column":59}},"3":{"start":{"line":29,"column":4},"end":{"line":29,"column":57}},"4":{"start":{"line":30,"column":4},"end":{"line":30,"column":51}},"5":{"start":{"line":31,"column":4},"end":{"line":31,"column":57}},"6":{"start":{"line":35,"column":22},"end":{"line":35,"column":30}},"7":{"start":{"line":36,"column":25},"end":{"line":36,"column":35}},"8":{"start":{"line":37,"column":23},"end":{"line":37,"column":176}},"9":{"start":{"line":38,"column":18},"end":{"line":38,"column":77}},"10":{"start":{"line":40,"column":4},"end":{"line":40,"column":51}},"11":{"start":{"line":44,"column":22},"end":{"line":44,"column":30}},"12":{"start":{"line":45,"column":25},"end":{"line":45,"column":35}},"13":{"start":{"line":46,"column":22},"end":{"line":46,"column":41}},"14":{"start":{"line":47,"column":18},"end":{"line":47,"column":73}},"15":{"start":{"line":49,"column":4},"end":{"line":49,"column":59}},"16":{"start":{"line":53,"column":25},"end":{"line":53,"column":35}},"17":{"start":{"line":54,"column":22},"end":{"line":54,"column":30}},"18":{"start":{"line":55,"column":22},"end":{"line":55,"column":41}},"19":{"start":{"line":56,"column":18},"end":{"line":56,"column":72}},"20":{"start":{"line":58,"column":4},"end":{"line":58,"column":57}},"21":{"start":{"line":62,"column":22},"end":{"line":62,"column":30}},"22":{"start":{"line":63,"column":25},"end":{"line":63,"column":35}},"23":{"start":{"line":64,"column":27},"end":{"line":64,"column":39}},"24":{"start":{"line":65,"column":16},"end":{"line":65,"column":64}},"25":{"start":{"line":66,"column":18},"end":{"line":66,"column":70}},"26":{"start":{"line":68,"column":4},"end":{"line":68,"column":57}},"27":{"start":{"line":72,"column":4},"end":{"line":72,"column":23}},"28":{"start":{"line":73,"column":38},"end":{"line":73,"column":48}},"29":{"start":{"line":80,"column":8},"end":{"line":80,"column":21}},"30":{"start":{"line":87,"column":8},"end":{"line":87,"column":14}},"31":{"start":{"line":90,"column":6},"end":{"line":90,"column":118}},"32":{"start":{"line":93,"column":4},"end":{"line":113,"column":5}},"33":{"start":{"line":94,"column":25},"end":{"line":94,"column":38}},"34":{"start":{"line":95,"column":28},"end":{"line":99,"column":7}},"35":{"start":{"line":101,"column":6},"end":{"line":109,"column":11}},"36":{"start":{"line":103,"column":31},"end":{"line":103,"column":41}},"37":{"start":{"line":104,"column":27},"end":{"line":104,"column":30}},"38":{"start":{"line":105,"column":27},"end":{"line":105,"column":34}},"39":{"start":{"line":106,"column":30},"end":{"line":106,"column":40}},"40":{"start":{"line":107,"column":10},"end":{"line":107,"column":40}},"41":{"start":{"line":108,"column":10},"end":{"line":108,"column":45}},"42":{"start":{"line":111,"column":18},"end":{"line":111,"column":39}},"43":{"start":{"line":112,"column":6},"end":{"line":112,"column":23}},"44":{"start":{"line":117,"column":48},"end":{"line":117,"column":58}},"45":{"start":{"line":123,"column":8},"end":{"line":123,"column":21}},"46":{"start":{"line":130,"column":8},"end":{"line":130,"column":14}},"47":{"start":{"line":132,"column":28},"end":{"line":132,"column":44}},"48":{"start":{"line":133,"column":4},"end":{"line":192,"column":6}},"49":{"start":{"line":196,"column":24},"end":{"line":201,"column":2}},"50":{"start":{"line":196,"column":34},"end":{"line":201,"column":1}}},"fnMap":{"0":{"name":"(anonymous_0)","decl":{"start":{"line":24,"column":2},"end":{"line":24,"column":3}},"loc":{"start":{"line":24,"column":21},"end":{"line":32,"column":3}},"line":24},"1":{"name":"(anonymous_1)","decl":{"start":{"line":34,"column":2},"end":{"line":34,"column":3}},"loc":{"start":{"line":34,"column":17},"end":{"line":41,"column":3}},"line":34},"2":{"name":"(anonymous_2)","decl":{"start":{"line":43,"column":2},"end":{"line":43,"column":3}},"loc":{"start":{"line":43,"column":21},"end":{"line":50,"column":3}},"line":43},"3":{"name":"(anonymous_3)","decl":{"start":{"line":52,"column":2},"end":{"line":52,"column":3}},"loc":{"start":{"line":52,"column":20},"end":{"line":59,"column":3}},"line":52},"4":{"name":"(anonymous_4)","decl":{"start":{"line":61,"column":2},"end":{"line":61,"column":3}},"loc":{"start":{"line":61,"column":20},"end":{"line":69,"column":3}},"line":61},"5":{"name":"(anonymous_5)","decl":{"start":{"line":71,"column":2},"end":{"line":71,"column":3}},"loc":{"start":{"line":71,"column":18},"end":{"line":114,"column":3}},"line":71},"6":{"name":"(anonymous_6)","decl":{"start":{"line":102,"column":14},"end":{"line":102,"column":15}},"loc":{"start":{"line":102,"column":23},"end":{"line":109,"column":9}},"line":102},"7":{"name":"(anonymous_7)","decl":{"start":{"line":116,"column":2},"end":{"line":116,"column":3}},"loc":{"start":{"line":116,"column":11},"end":{"line":193,"column":3}},"line":116},"8":{"name":"(anonymous_8)","decl":{"start":{"line":196,"column":24},"end":{"line":196,"column":25}},"loc":{"start":{"line":196,"column":34},"end":{"line":201,"column":1}},"line":196}},"branchMap":{"0":{"loc":{"start":{"line":38,"column":18},"end":{"line":38,"column":77}},"type":"cond-expr","locations":[{"start":{"line":38,"column":43},"end":{"line":38,"column":45}},{"start":{"line":38,"column":48},"end":{"line":38,"column":77}}],"line":38},"1":{"loc":{"start":{"line":47,"column":18},"end":{"line":47,"column":73}},"type":"cond-expr","locations":[{"start":{"line":47,"column":42},"end":{"line":47,"column":44}},{"start":{"line":47,"column":47},"end":{"line":47,"column":73}}],"line":47},"2":{"loc":{"start":{"line":56,"column":18},"end":{"line":56,"column":72}},"type":"cond-expr","locations":[{"start":{"line":56,"column":42},"end":{"line":56,"column":44}},{"start":{"line":56,"column":47},"end":{"line":56,"column":72}}],"line":56},"3":{"loc":{"start":{"line":66,"column":18},"end":{"line":66,"column":70}},"type":"cond-expr","locations":[{"start":{"line":66,"column":62},"end":{"line":66,"column":64}},{"start":{"line":66,"column":67},"end":{"line":66,"column":70}}],"line":66},"4":{"loc":{"start":{"line":66,"column":18},"end":{"line":66,"column":59}},"type":"binary-expr","locations":[{"start":{"line":66,"column":18},"end":{"line":66,"column":36}},{"start":{"line":66,"column":40},"end":{"line":66,"column":59}}],"line":66},"5":{"loc":{"start":{"line":90,"column":6},"end":{"line":90,"column":118}},"type":"binary-expr","locations":[{"start":{"line":90,"column":6},"end":{"line":90,"column":15}},{"start":{"line":90,"column":19},"end":{"line":90,"column":27}},{"start":{"line":90,"column":31},"end":{"line":90,"column":36}},{"start":{"line":90,"column":40},"end":{"line":90,"column":48}},{"start":{"line":90,"column":52},"end":{"line":90,"column":63}},{"start":{"line":90,"column":67},"end":{"line":90,"column":81}},{"start":{"line":90,"column":85},"end":{"line":90,"column":100}},{"start":{"line":90,"column":104},"end":{"line":90,"column":118}}],"line":90},"6":{"loc":{"start":{"line":93,"column":4},"end":{"line":113,"column":5}},"type":"if","locations":[{"start":{"line":93,"column":4},"end":{"line":113,"column":5}},{"start":{"line":93,"column":4},"end":{"line":113,"column":5}}],"line":93},"7":{"loc":{"start":{"line":132,"column":28},"end":{"line":132,"column":44}},"type":"binary-expr","locations":[{"start":{"line":132,"column":28},"end":{"line":132,"column":32}},{"start":{"line":132,"column":36},"end":{"line":132,"column":44}}],"line":132}},"s":{"0":0,"1":0,"2":0,"3":0,"4":0,"5":0,"6":0,"7":0,"8":0,"9":0,"10":0,"11":0,"12":0,"13":0,"14":0,"15":0,"16":0,"17":0,"18":0,"19":0,"20":0,"21":0,"22":0,"23":0,"24":0,"25":0,"26":0,"27":0,"28":0,"29":0,"30":0,"31":0,"32":0,"33":0,"34":0,"35":0,"36":0,"37":0,"38":0,"39":0,"40":0,"41":0,"42":0,"43":0,"44":0,"45":0,"46":0,"47":0,"48":0,"49":1,"50":0},"f":{"0":0,"1":0,"2":0,"3":0,"4":0,"5":0,"6":0,"7":0,"8":0},"b":{"0":[0,0],"1":[0,0],"2":[0,0],"3":[0,0],"4":[0,0],"5":[0,0,0,0,0,0,0,0],"6":[0,0],"7":[0,0]},"_coverageSchema":"43e27e138ebf9cfc5966b082cf9a028302ed4184","hash":"cb641da0508b9017fb3a5ad6c9fd2f387a1698d1"}
,"/Users/emmanuelihemegbulam/Documents/GitHub/Bankr-1.0/UI/src/pages/StaffAccounts.jsx": {"path":"/Users/emmanuelihemegbulam/Documents/GitHub/Bankr-1.0/UI/src/pages/StaffAccounts.jsx","statementMap":{"0":{"start":{"line":8,"column":4},"end":{"line":8,"column":17}},"1":{"start":{"line":13,"column":4},"end":{"line":32,"column":6}}},"fnMap":{"0":{"name":"(anonymous_0)","decl":{"start":{"line":7,"column":2},"end":{"line":7,"column":3}},"loc":{"start":{"line":7,"column":21},"end":{"line":10,"column":3}},"line":7},"1":{"name":"(anonymous_1)","decl":{"start":{"line":12,"column":2},"end":{"line":12,"column":3}},"loc":{"start":{"line":12,"column":11},"end":{"line":33,"column":3}},"line":12}},"branchMap":{},"s":{"0":0,"1":0},"f":{"0":0,"1":0},"b":{},"_coverageSchema":"43e27e138ebf9cfc5966b082cf9a028302ed4184","hash":"6917df628d760e85127387e9434073fde7bcabdf"}
,"/Users/emmanuelihemegbulam/Documents/GitHub/Bankr-1.0/UI/src/pages/StaffDashboard.jsx": {"path":"/Users/emmanuelihemegbulam/Documents/GitHub/Bankr-1.0/UI/src/pages/StaffDashboard.jsx","statementMap":{"0":{"start":{"line":8,"column":4},"end":{"line":8,"column":17}},"1":{"start":{"line":12,"column":4},"end":{"line":28,"column":6}}},"fnMap":{"0":{"name":"(anonymous_0)","decl":{"start":{"line":7,"column":2},"end":{"line":7,"column":3}},"loc":{"start":{"line":7,"column":21},"end":{"line":9,"column":3}},"line":7},"1":{"name":"(anonymous_1)","decl":{"start":{"line":11,"column":2},"end":{"line":11,"column":3}},"loc":{"start":{"line":11,"column":11},"end":{"line":29,"column":3}},"line":11}},"branchMap":{},"s":{"0":0,"1":0},"f":{"0":0,"1":0},"b":{},"_coverageSchema":"43e27e138ebf9cfc5966b082cf9a028302ed4184","hash":"60629b9f0def5fc5c90f61afffd6e6925bdac928"}
,"/Users/emmanuelihemegbulam/Documents/GitHub/Bankr-1.0/UI/src/pages/StaffPage.jsx": {"path":"/Users/emmanuelihemegbulam/Documents/GitHub/Bankr-1.0/UI/src/pages/StaffPage.jsx","statementMap":{"0":{"start":{"line":9,"column":4},"end":{"line":9,"column":17}},"1":{"start":{"line":13,"column":4},"end":{"line":18,"column":6}}},"fnMap":{"0":{"name":"(anonymous_0)","decl":{"start":{"line":8,"column":2},"end":{"line":8,"column":3}},"loc":{"start":{"line":8,"column":21},"end":{"line":10,"column":3}},"line":8},"1":{"name":"(anonymous_1)","decl":{"start":{"line":12,"column":2},"end":{"line":12,"column":3}},"loc":{"start":{"line":12,"column":11},"end":{"line":19,"column":3}},"line":12}},"branchMap":{},"s":{"0":0,"1":0},"f":{"0":0,"1":0},"b":{},"_coverageSchema":"43e27e138ebf9cfc5966b082cf9a028302ed4184","hash":"17eae1d841b0762f327beb029b8d949ccd00e085"}
,"/Users/emmanuelihemegbulam/Documents/GitHub/Bankr-1.0/UI/src/pages/UserAccounts.jsx": {"path":"/Users/emmanuelihemegbulam/Documents/GitHub/Bankr-1.0/UI/src/pages/UserAccounts.jsx","statementMap":{"0":{"start":{"line":11,"column":4},"end":{"line":11,"column":17}},"1":{"start":{"line":15,"column":35},"end":{"line":15,"column":45}},"2":{"start":{"line":16,"column":32},"end":{"line":16,"column":63}},"3":{"start":{"line":22,"column":8},"end":{"line":22,"column":12}},"4":{"start":{"line":24,"column":24},"end":{"line":28,"column":5}},"5":{"start":{"line":30,"column":4},"end":{"line":43,"column":6}},"6":{"start":{"line":47,"column":33},"end":{"line":57,"column":1}},"7":{"start":{"line":48,"column":31},"end":{"line":48,"column":48}},"8":{"start":{"line":49,"column":27},"end":{"line":49,"column":40}},"9":{"start":{"line":50,"column":19},"end":{"line":50,"column":29}},"10":{"start":{"line":52,"column":2},"end":{"line":56,"column":4}}},"fnMap":{"0":{"name":"(anonymous_0)","decl":{"start":{"line":10,"column":2},"end":{"line":10,"column":3}},"loc":{"start":{"line":10,"column":21},"end":{"line":12,"column":3}},"line":10},"1":{"name":"(anonymous_1)","decl":{"start":{"line":14,"column":2},"end":{"line":14,"column":3}},"loc":{"start":{"line":14,"column":11},"end":{"line":44,"column":3}},"line":14},"2":{"name":"(anonymous_2)","decl":{"start":{"line":47,"column":33},"end":{"line":47,"column":34}},"loc":{"start":{"line":47,"column":44},"end":{"line":57,"column":1}},"line":47}},"branchMap":{},"s":{"0":0,"1":0,"2":0,"3":0,"4":0,"5":0,"6":1,"7":0,"8":0,"9":0,"10":0},"f":{"0":0,"1":0,"2":0},"b":{},"_coverageSchema":"43e27e138ebf9cfc5966b082cf9a028302ed4184","hash":"98e9035d606a2794b63dcd7ec62462d01f960591"}
,"/Users/emmanuelihemegbulam/Documents/GitHub/Bankr-1.0/UI/src/pages/UserDashboard.jsx": {"path":"/Users/emmanuelihemegbulam/Documents/GitHub/Bankr-1.0/UI/src/pages/UserDashboard.jsx","statementMap":{"0":{"start":{"line":15,"column":4},"end":{"line":15,"column":17}},"1":{"start":{"line":59,"column":47},"end":{"line":59,"column":57}},"2":{"start":{"line":60,"column":36},"end":{"line":60,"column":71}},"3":{"start":{"line":63,"column":32},"end":{"line":63,"column":63}},"4":{"start":{"line":65,"column":4},"end":{"line":80,"column":6}},"5":{"start":{"line":84,"column":33},"end":{"line":94,"column":1}},"6":{"start":{"line":85,"column":31},"end":{"line":85,"column":48}},"7":{"start":{"line":86,"column":27},"end":{"line":86,"column":40}},"8":{"start":{"line":87,"column":19},"end":{"line":87,"column":29}},"9":{"start":{"line":89,"column":2},"end":{"line":93,"column":4}}},"fnMap":{"0":{"name":"(anonymous_0)","decl":{"start":{"line":14,"column":2},"end":{"line":14,"column":3}},"loc":{"start":{"line":14,"column":21},"end":{"line":16,"column":3}},"line":14},"1":{"name":"(anonymous_1)","decl":{"start":{"line":18,"column":2},"end":{"line":18,"column":3}},"loc":{"start":{"line":18,"column":22},"end":{"line":56,"column":3}},"line":18},"2":{"name":"(anonymous_2)","decl":{"start":{"line":58,"column":2},"end":{"line":58,"column":3}},"loc":{"start":{"line":58,"column":11},"end":{"line":81,"column":3}},"line":58},"3":{"name":"(anonymous_3)","decl":{"start":{"line":84,"column":33},"end":{"line":84,"column":34}},"loc":{"start":{"line":84,"column":44},"end":{"line":94,"column":1}},"line":84}},"branchMap":{},"s":{"0":0,"1":0,"2":0,"3":0,"4":0,"5":1,"6":0,"7":0,"8":0,"9":0},"f":{"0":0,"1":0,"2":0,"3":0},"b":{},"_coverageSchema":"43e27e138ebf9cfc5966b082cf9a028302ed4184","hash":"7ac3be5cdc74f692d91dde4f2c4d48aca55bf3f2"}
,"/Users/emmanuelihemegbulam/Documents/GitHub/Bankr-1.0/UI/src/pages/UserPage.jsx": {"path":"/Users/emmanuelihemegbulam/Documents/GitHub/Bankr-1.0/UI/src/pages/UserPage.jsx","statementMap":{"0":{"start":{"line":9,"column":4},"end":{"line":9,"column":17}},"1":{"start":{"line":13,"column":4},"end":{"line":18,"column":6}}},"fnMap":{"0":{"name":"(anonymous_0)","decl":{"start":{"line":8,"column":2},"end":{"line":8,"column":3}},"loc":{"start":{"line":8,"column":21},"end":{"line":10,"column":3}},"line":8},"1":{"name":"(anonymous_1)","decl":{"start":{"line":12,"column":2},"end":{"line":12,"column":3}},"loc":{"start":{"line":12,"column":11},"end":{"line":19,"column":3}},"line":12}},"branchMap":{},"s":{"0":0,"1":0},"f":{"0":0,"1":0},"b":{},"_coverageSchema":"43e27e138ebf9cfc5966b082cf9a028302ed4184","hash":"be75869e23ebac77b4421e5c5137bba4ce772d67"}
,"/Users/emmanuelihemegbulam/Documents/GitHub/Bankr-1.0/UI/src/pages/UserTransactions.jsx": {"path":"/Users/emmanuelihemegbulam/Documents/GitHub/Bankr-1.0/UI/src/pages/UserTransactions.jsx","statementMap":{"0":{"start":{"line":8,"column":4},"end":{"line":8,"column":17}},"1":{"start":{"line":12,"column":4},"end":{"line":30,"column":6}}},"fnMap":{"0":{"name":"(anonymous_0)","decl":{"start":{"line":7,"column":2},"end":{"line":7,"column":3}},"loc":{"start":{"line":7,"column":21},"end":{"line":9,"column":3}},"line":7},"1":{"name":"(anonymous_1)","decl":{"start":{"line":11,"column":2},"end":{"line":11,"column":3}},"loc":{"start":{"line":11,"column":11},"end":{"line":31,"column":3}},"line":11}},"branchMap":{},"s":{"0":0,"1":0},"f":{"0":0,"1":0},"b":{},"_coverageSchema":"43e27e138ebf9cfc5966b082cf9a028302ed4184","hash":"8843591261003f65d3fe6d892c9103ad4c9624e1"}
,"/Users/emmanuelihemegbulam/Documents/GitHub/Bankr-1.0/UI/src/pages/Users.jsx": {"path":"/Users/emmanuelihemegbulam/Documents/GitHub/Bankr-1.0/UI/src/pages/Users.jsx","statementMap":{"0":{"start":{"line":8,"column":4},"end":{"line":8,"column":17}},"1":{"start":{"line":12,"column":4},"end":{"line":31,"column":6}}},"fnMap":{"0":{"name":"(anonymous_0)","decl":{"start":{"line":7,"column":2},"end":{"line":7,"column":3}},"loc":{"start":{"line":7,"column":21},"end":{"line":9,"column":3}},"line":7},"1":{"name":"(anonymous_1)","decl":{"start":{"line":11,"column":2},"end":{"line":11,"column":3}},"loc":{"start":{"line":11,"column":11},"end":{"line":32,"column":3}},"line":11}},"branchMap":{},"s":{"0":0,"1":0},"f":{"0":0,"1":0},"b":{},"_coverageSchema":"43e27e138ebf9cfc5966b082cf9a028302ed4184","hash":"452412d825fc4fb8bbd4613adbaebbc8e995e759"}
,"/Users/emmanuelihemegbulam/Documents/GitHub/Bankr-1.0/UI/src/reducers/account.reducer.js": {"path":"/Users/emmanuelihemegbulam/Documents/GitHub/Bankr-1.0/UI/src/reducers/account.reducer.js","statementMap":{"0":{"start":{"line":1,"column":21},"end":{"line":15,"column":1}},"1":{"start":{"line":17,"column":23},"end":{"line":40,"column":1}},"2":{"start":{"line":18,"column":37},"end":{"line":18,"column":43}},"3":{"start":{"line":19,"column":2},"end":{"line":39,"column":3}},"4":{"start":{"line":21,"column":6},"end":{"line":27,"column":8}},"5":{"start":{"line":30,"column":6},"end":{"line":35,"column":8}},"6":{"start":{"line":38,"column":6},"end":{"line":38,"column":19}}},"fnMap":{"0":{"name":"(anonymous_0)","decl":{"start":{"line":17,"column":23},"end":{"line":17,"column":24}},"loc":{"start":{"line":17,"column":57},"end":{"line":40,"column":1}},"line":17}},"branchMap":{"0":{"loc":{"start":{"line":17,"column":24},"end":{"line":17,"column":44}},"type":"default-arg","locations":[{"start":{"line":17,"column":32},"end":{"line":17,"column":44}}],"line":17},"1":{"loc":{"start":{"line":19,"column":2},"end":{"line":39,"column":3}},"type":"switch","locations":[{"start":{"line":20,"column":4},"end":{"line":27,"column":8}},{"start":{"line":29,"column":4},"end":{"line":35,"column":8}},{"start":{"line":37,"column":4},"end":{"line":38,"column":19}}],"line":19}},"s":{"0":2,"1":2,"2":6,"3":6,"4":0,"5":0,"6":6},"f":{"0":6},"b":{"0":[6],"1":[0,0,6]},"_coverageSchema":"43e27e138ebf9cfc5966b082cf9a028302ed4184","hash":"2cdf2d8d55598a4b150c0d66571b24f108f4dbaa"}
,"/Users/emmanuelihemegbulam/Documents/GitHub/Bankr-1.0/UI/src/reducers/auth.reducer.js": {"path":"/Users/emmanuelihemegbulam/Documents/GitHub/Bankr-1.0/UI/src/reducers/auth.reducer.js","statementMap":{"0":{"start":{"line":1,"column":21},"end":{"line":21,"column":1}},"1":{"start":{"line":23,"column":20},"end":{"line":82,"column":1}},"2":{"start":{"line":24,"column":2},"end":{"line":81,"column":3}},"3":{"start":{"line":26,"column":6},"end":{"line":32,"column":7}},"4":{"start":{"line":27,"column":8},"end":{"line":31,"column":10}},"5":{"start":{"line":33,"column":6},"end":{"line":37,"column":8}},"6":{"start":{"line":40,"column":6},"end":{"line":46,"column":7}},"7":{"start":{"line":41,"column":8},"end":{"line":45,"column":10}},"8":{"start":{"line":47,"column":6},"end":{"line":51,"column":8}},"9":{"start":{"line":54,"column":6},"end":{"line":58,"column":8}},"10":{"start":{"line":61,"column":6},"end":{"line":65,"column":8}},"11":{"start":{"line":68,"column":6},"end":{"line":70,"column":8}},"12":{"start":{"line":72,"column":6},"end":{"line":74,"column":8}},"13":{"start":{"line":76,"column":6},"end":{"line":78,"column":8}},"14":{"start":{"line":80,"column":6},"end":{"line":80,"column":19}}},"fnMap":{"0":{"name":"(anonymous_0)","decl":{"start":{"line":23,"column":20},"end":{"line":23,"column":21}},"loc":{"start":{"line":23,"column":54},"end":{"line":82,"column":1}},"line":23}},"branchMap":{"0":{"loc":{"start":{"line":23,"column":21},"end":{"line":23,"column":41}},"type":"default-arg","locations":[{"start":{"line":23,"column":29},"end":{"line":23,"column":41}}],"line":23},"1":{"loc":{"start":{"line":24,"column":2},"end":{"line":81,"column":3}},"type":"switch","locations":[{"start":{"line":25,"column":4},"end":{"line":37,"column":8}},{"start":{"line":39,"column":4},"end":{"line":51,"column":8}},{"start":{"line":53,"column":4},"end":{"line":58,"column":8}},{"start":{"line":60,"column":4},"end":{"line":65,"column":8}},{"start":{"line":67,"column":4},"end":{"line":70,"column":8}},{"start":{"line":71,"column":4},"end":{"line":74,"column":8}},{"start":{"line":75,"column":4},"end":{"line":78,"column":8}},{"start":{"line":79,"column":4},"end":{"line":80,"column":19}}],"line":24},"2":{"loc":{"start":{"line":26,"column":6},"end":{"line":32,"column":7}},"type":"if","locations":[{"start":{"line":26,"column":6},"end":{"line":32,"column":7}},{"start":{"line":26,"column":6},"end":{"line":32,"column":7}}],"line":26},"3":{"loc":{"start":{"line":40,"column":6},"end":{"line":46,"column":7}},"type":"if","locations":[{"start":{"line":40,"column":6},"end":{"line":46,"column":7}},{"start":{"line":40,"column":6},"end":{"line":46,"column":7}}],"line":40}},"s":{"0":2,"1":2,"2":6,"3":0,"4":0,"5":0,"6":0,"7":0,"8":0,"9":0,"10":0,"11":0,"12":0,"13":0,"14":6},"f":{"0":6},"b":{"0":[6],"1":[0,0,0,0,0,0,0,6],"2":[0,0],"3":[0,0]},"_coverageSchema":"43e27e138ebf9cfc5966b082cf9a028302ed4184","hash":"c56d182c15bfe1a71ec9752a33438a869f2e8d90"}
,"/Users/emmanuelihemegbulam/Documents/GitHub/Bankr-1.0/UI/src/reducers/modal.reducer.js": {"path":"/Users/emmanuelihemegbulam/Documents/GitHub/Bankr-1.0/UI/src/reducers/modal.reducer.js","statementMap":{"0":{"start":{"line":1,"column":21},"end":{"line":6,"column":1}},"1":{"start":{"line":8,"column":21},"end":{"line":41,"column":1}},"2":{"start":{"line":9,"column":26},"end":{"line":9,"column":32}},"3":{"start":{"line":10,"column":2},"end":{"line":40,"column":3}},"4":{"start":{"line":12,"column":6},"end":{"line":18,"column":8}},"5":{"start":{"line":21,"column":6},"end":{"line":27,"column":8}},"6":{"start":{"line":30,"column":6},"end":{"line":36,"column":8}},"7":{"start":{"line":39,"column":6},"end":{"line":39,"column":19}}},"fnMap":{"0":{"name":"(anonymous_0)","decl":{"start":{"line":8,"column":21},"end":{"line":8,"column":22}},"loc":{"start":{"line":8,"column":55},"end":{"line":41,"column":1}},"line":8}},"branchMap":{"0":{"loc":{"start":{"line":8,"column":22},"end":{"line":8,"column":42}},"type":"default-arg","locations":[{"start":{"line":8,"column":30},"end":{"line":8,"column":42}}],"line":8},"1":{"loc":{"start":{"line":10,"column":2},"end":{"line":40,"column":3}},"type":"switch","locations":[{"start":{"line":11,"column":4},"end":{"line":18,"column":8}},{"start":{"line":20,"column":4},"end":{"line":27,"column":8}},{"start":{"line":29,"column":4},"end":{"line":36,"column":8}},{"start":{"line":38,"column":4},"end":{"line":39,"column":19}}],"line":10}},"s":{"0":2,"1":2,"2":6,"3":6,"4":0,"5":0,"6":0,"7":6},"f":{"0":6},"b":{"0":[6],"1":[0,0,0,6]},"_coverageSchema":"43e27e138ebf9cfc5966b082cf9a028302ed4184","hash":"19fcb36e40ff090d7d69e6491436a781fa6471fe"}
,"/Users/emmanuelihemegbulam/Documents/GitHub/Bankr-1.0/UI/src/reducers/reducer.js": {"path":"/Users/emmanuelihemegbulam/Documents/GitHub/Bankr-1.0/UI/src/reducers/reducer.js","statementMap":{"0":{"start":{"line":7,"column":16},"end":{"line":12,"column":2}}},"fnMap":{},"branchMap":{},"s":{"0":2},"f":{},"b":{},"_coverageSchema":"43e27e138ebf9cfc5966b082cf9a028302ed4184","hash":"df5fc766f791122933e54bb9f41f86051ea43d43"}
,"/Users/emmanuelihemegbulam/Documents/GitHub/Bankr-1.0/UI/src/reducers/transaction.reducer.js": {"path":"/Users/emmanuelihemegbulam/Documents/GitHub/Bankr-1.0/UI/src/reducers/transaction.reducer.js","statementMap":{"0":{"start":{"line":1,"column":21},"end":{"line":29,"column":1}},"1":{"start":{"line":31,"column":27},"end":{"line":54,"column":1}},"2":{"start":{"line":32,"column":41},"end":{"line":32,"column":47}},"3":{"start":{"line":33,"column":2},"end":{"line":53,"column":3}},"4":{"start":{"line":35,"column":6},"end":{"line":41,"column":8}},"5":{"start":{"line":44,"column":6},"end":{"line":49,"column":8}},"6":{"start":{"line":52,"column":6},"end":{"line":52,"column":19}}},"fnMap":{"0":{"name":"(anonymous_0)","decl":{"start":{"line":31,"column":27},"end":{"line":31,"column":28}},"loc":{"start":{"line":31,"column":61},"end":{"line":54,"column":1}},"line":31}},"branchMap":{"0":{"loc":{"start":{"line":31,"column":28},"end":{"line":31,"column":48}},"type":"default-arg","locations":[{"start":{"line":31,"column":36},"end":{"line":31,"column":48}}],"line":31},"1":{"loc":{"start":{"line":33,"column":2},"end":{"line":53,"column":3}},"type":"switch","locations":[{"start":{"line":34,"column":4},"end":{"line":41,"column":8}},{"start":{"line":43,"column":4},"end":{"line":49,"column":8}},{"start":{"line":51,"column":4},"end":{"line":52,"column":19}}],"line":33}},"s":{"0":2,"1":2,"2":6,"3":6,"4":0,"5":0,"6":6},"f":{"0":6},"b":{"0":[6],"1":[0,0,6]},"_coverageSchema":"43e27e138ebf9cfc5966b082cf9a028302ed4184","hash":"c209c3ccd12f6562c2a6b33f0affb27d8816cf6b"}
,"/Users/emmanuelihemegbulam/Documents/GitHub/Bankr-1.0/UI/src/routers/AppRouter.js": {"path":"/Users/emmanuelihemegbulam/Documents/GitHub/Bankr-1.0/UI/src/routers/AppRouter.js","statementMap":{"0":{"start":{"line":16,"column":16},"end":{"line":16,"column":38}},"1":{"start":{"line":18,"column":18},"end":{"line":35,"column":1}},"2":{"start":{"line":19,"column":19},"end":{"line":19,"column":57}},"3":{"start":{"line":20,"column":20},"end":{"line":20,"column":60}},"4":{"start":{"line":21,"column":20},"end":{"line":21,"column":58}},"5":{"start":{"line":23,"column":2},"end":{"line":34,"column":4}},"6":{"start":{"line":37,"column":33},"end":{"line":41,"column":1}},"7":{"start":{"line":38,"column":2},"end":{"line":40,"column":3}}},"fnMap":{"0":{"name":"(anonymous_0)","decl":{"start":{"line":18,"column":18},"end":{"line":18,"column":19}},"loc":{"start":{"line":18,"column":32},"end":{"line":35,"column":1}},"line":18},"1":{"name":"(anonymous_1)","decl":{"start":{"line":37,"column":33},"end":{"line":37,"column":34}},"loc":{"start":{"line":38,"column":2},"end":{"line":40,"column":3}},"line":38}},"branchMap":{},"s":{"0":1,"1":1,"2":0,"3":0,"4":0,"5":0,"6":1,"7":3},"f":{"0":0,"1":3},"b":{},"_coverageSchema":"43e27e138ebf9cfc5966b082cf9a028302ed4184","hash":"0d6f4a88870d5d7f62fb26b8a12b175bb83ff5fe"}
,"/Users/emmanuelihemegbulam/Documents/GitHub/Bankr-1.0/UI/src/services/serverCall.js": {"path":"/Users/emmanuelihemegbulam/Documents/GitHub/Bankr-1.0/UI/src/services/serverCall.js","statementMap":{"0":{"start":{"line":1,"column":19},"end":{"line":31,"column":1}},"1":{"start":{"line":4,"column":6},"end":{"line":4,"column":13}},"2":{"start":{"line":7,"column":2},"end":{"line":26,"column":3}},"3":{"start":{"line":8,"column":4},"end":{"line":16,"column":6}},"4":{"start":{"line":18,"column":4},"end":{"line":25,"column":6}},"5":{"start":{"line":28,"column":2},"end":{"line":30,"column":40}},"6":{"start":{"line":29,"column":17},"end":{"line":29,"column":27}},"7":{"start":{"line":30,"column":20},"end":{"line":30,"column":38}}},"fnMap":{"0":{"name":"(anonymous_0)","decl":{"start":{"line":1,"column":19},"end":{"line":1,"column":20}},"loc":{"start":{"line":1,"column":32},"end":{"line":31,"column":1}},"line":1},"1":{"name":"(anonymous_1)","decl":{"start":{"line":29,"column":10},"end":{"line":29,"column":11}},"loc":{"start":{"line":29,"column":17},"end":{"line":29,"column":27}},"line":29},"2":{"name":"(anonymous_2)","decl":{"start":{"line":30,"column":11},"end":{"line":30,"column":12}},"loc":{"start":{"line":30,"column":20},"end":{"line":30,"column":38}},"line":30}},"branchMap":{"0":{"loc":{"start":{"line":7,"column":2},"end":{"line":26,"column":3}},"type":"if","locations":[{"start":{"line":7,"column":2},"end":{"line":26,"column":3}},{"start":{"line":7,"column":2},"end":{"line":26,"column":3}}],"line":7},"1":{"loc":{"start":{"line":14,"column":24},"end":{"line":14,"column":35}},"type":"binary-expr","locations":[{"start":{"line":14,"column":24},"end":{"line":14,"column":29}},{"start":{"line":14,"column":33},"end":{"line":14,"column":35}}],"line":14},"2":{"loc":{"start":{"line":23,"column":24},"end":{"line":23,"column":35}},"type":"binary-expr","locations":[{"start":{"line":23,"column":24},"end":{"line":23,"column":29}},{"start":{"line":23,"column":33},"end":{"line":23,"column":35}}],"line":23}},"s":{"0":1,"1":0,"2":0,"3":0,"4":0,"5":0,"6":0,"7":0},"f":{"0":0,"1":0,"2":0},"b":{"0":[0,0],"1":[0,0],"2":[0,0]},"_coverageSchema":"43e27e138ebf9cfc5966b082cf9a028302ed4184","hash":"aa1f3bb9569d44f7bea0662d23a165983f9c8e15"}
,"/Users/emmanuelihemegbulam/Documents/GitHub/Bankr-1.0/UI/src/services/servicesUrls.js": {"path":"/Users/emmanuelihemegbulam/Documents/GitHub/Bankr-1.0/UI/src/services/servicesUrls.js","statementMap":{"0":{"start":{"line":1,"column":23},"end":{"line":1,"column":66}},"1":{"start":{"line":3,"column":24},"end":{"line":3,"column":48}},"2":{"start":{"line":4,"column":25},"end":{"line":4,"column":49}},"3":{"start":{"line":5,"column":23},"end":{"line":5,"column":55}},"4":{"start":{"line":6,"column":38},"end":{"line":6,"column":104}},"5":{"start":{"line":6,"column":54},"end":{"line":6,"column":104}},"6":{"start":{"line":7,"column":34},"end":{"line":7,"column":89}},"7":{"start":{"line":7,"column":48},"end":{"line":7,"column":89}}},"fnMap":{"0":{"name":"(anonymous_0)","decl":{"start":{"line":6,"column":38},"end":{"line":6,"column":39}},"loc":{"start":{"line":6,"column":54},"end":{"line":6,"column":104}},"line":6},"1":{"name":"(anonymous_1)","decl":{"start":{"line":7,"column":34},"end":{"line":7,"column":35}},"loc":{"start":{"line":7,"column":48},"end":{"line":7,"column":89}},"line":7}},"branchMap":{},"s":{"0":1,"1":1,"2":1,"3":1,"4":1,"5":0,"6":1,"7":0},"f":{"0":0,"1":0},"b":{},"_coverageSchema":"43e27e138ebf9cfc5966b082cf9a028302ed4184","hash":"6f83d8b4cbaef5a3301bcae4a6d9cae6b64da662"}
,"/Users/emmanuelihemegbulam/Documents/GitHub/Bankr-1.0/UI/src/store/configureStore.js": {"path":"/Users/emmanuelihemegbulam/Documents/GitHub/Bankr-1.0/UI/src/store/configureStore.js","statementMap":{"0":{"start":{"line":6,"column":16},"end":{"line":6,"column":36}},"1":{"start":{"line":7,"column":2},"end":{"line":7,"column":15}}},"fnMap":{"0":{"name":"(anonymous_0)","decl":{"start":{"line":5,"column":15},"end":{"line":5,"column":16}},"loc":{"start":{"line":5,"column":21},"end":{"line":8,"column":1}},"line":5}},"branchMap":{},"s":{"0":2,"1":2},"f":{"0":2},"b":{},"_coverageSchema":"43e27e138ebf9cfc5966b082cf9a028302ed4184","hash":"07d9fee899a62de00aae5faf1851c4ee7b0d8682"}
}
