TN:
SF:/Users/emmanuelihemegbulam/Documents/GitHub/Bankr-1.0/UI/src/index.jsx
FNF:0
FNH:0
DA:9,0
DA:16,0
DA:21,0
LF:3
LH:0
BRF:0
BRH:0
end_of_record
TN:
SF:/Users/emmanuelihemegbulam/Documents/GitHub/Bankr-1.0/UI/src/actions/account.action.js
FN:5,(anonymous_0)
FNF:1
FNH:0
FNDA:0,(anonymous_0)
DA:5,1
DA:6,0
LF:2
LH:1
BRF:0
BRH:0
end_of_record
TN:
SF:/Users/emmanuelihemegbulam/Documents/GitHub/Bankr-1.0/UI/src/actions/actionTypes.js
FNF:0
FNH:0
DA:2,1
DA:3,1
DA:4,1
DA:5,1
DA:6,1
DA:7,1
DA:8,1
DA:11,1
DA:12,1
DA:13,1
DA:16,1
DA:17,1
DA:18,1
DA:19,1
DA:22,1
DA:23,1
DA:24,1
DA:25,1
LF:18
LH:18
BRF:0
BRH:0
end_of_record
TN:
SF:/Users/emmanuelihemegbulam/Documents/GitHub/Bankr-1.0/UI/src/actions/auth.actions.js
FN:12,(anonymous_0)
FN:17,(anonymous_1)
FN:22,(anonymous_2)
FN:27,(anonymous_3)
FN:32,(anonymous_4)
FN:36,(anonymous_5)
FN:41,(anonymous_6)
FNF:7
FNH:0
FNDA:0,(anonymous_0)
FNDA:0,(anonymous_1)
FNDA:0,(anonymous_2)
FNDA:0,(anonymous_3)
FNDA:0,(anonymous_4)
FNDA:0,(anonymous_5)
FNDA:0,(anonymous_6)
DA:12,1
DA:17,1
DA:22,1
DA:27,1
DA:32,1
DA:36,1
DA:41,1
LF:7
LH:7
BRF:0
BRH:0
end_of_record
TN:
SF:/Users/emmanuelihemegbulam/Documents/GitHub/Bankr-1.0/UI/src/actions/modal.actions.js
FN:7,(anonymous_0)
FN:12,(anonymous_1)
FN:17,(anonymous_2)
FNF:3
FNH:0
FNDA:0,(anonymous_0)
FNDA:0,(anonymous_1)
FNDA:0,(anonymous_2)
DA:7,1
DA:12,1
DA:17,1
LF:3
LH:3
BRF:0
BRH:0
end_of_record
TN:
SF:/Users/emmanuelihemegbulam/Documents/GitHub/Bankr-1.0/UI/src/actions/transaction.actions.js
FN:5,(anonymous_0)
FNF:1
FNH:0
FNDA:0,(anonymous_0)
DA:5,1
DA:6,0
LF:2
LH:1
BRF:0
BRH:0
end_of_record
TN:
SF:/Users/emmanuelihemegbulam/Documents/GitHub/Bankr-1.0/UI/src/components/AccountBigBox.jsx
FN:3,(anonymous_0)
FNF:1
FNH:0
FNDA:0,(anonymous_0)
DA:3,2
DA:12,0
DA:14,0
LF:3
LH:1
BRF:0
BRH:0
end_of_record
TN:
SF:/Users/emmanuelihemegbulam/Documents/GitHub/Bankr-1.0/UI/src/components/AccountBigBoxList.jsx
FN:8,(anonymous_0)
FN:16,(anonymous_1)
FNF:2
FNH:1
FNDA:1,(anonymous_0)
FNDA:0,(anonymous_1)
DA:6,2
DA:8,2
DA:9,1
DA:10,1
DA:11,0
DA:13,0
DA:17,0
DA:24,0
DA:25,0
DA:27,0
LF:10
LH:4
BRF:0
BRH:0
end_of_record
TN:
SF:/Users/emmanuelihemegbulam/Documents/GitHub/Bankr-1.0/UI/src/components/AccountList.jsx
FN:5,(anonymous_0)
FN:12,(anonymous_1)
FNF:2
FNH:0
FNDA:0,(anonymous_0)
FNDA:0,(anonymous_1)
DA:5,1
DA:6,0
DA:7,0
DA:9,0
DA:13,0
DA:18,0
DA:20,0
LF:7
LH:1
BRF:0
BRH:0
end_of_record
TN:
SF:/Users/emmanuelihemegbulam/Documents/GitHub/Bankr-1.0/UI/src/components/AuthFormFooter.jsx
FN:3,(anonymous_0)
FNF:1
FNH:0
FNDA:0,(anonymous_0)
DA:3,1
DA:4,0
LF:2
LH:1
BRF:0
BRH:0
end_of_record
TN:
SF:/Users/emmanuelihemegbulam/Documents/GitHub/Bankr-1.0/UI/src/components/AuthFormHeader.jsx
FN:4,(anonymous_0)
FNF:1
FNH:0
FNDA:0,(anonymous_0)
DA:4,1
DA:5,0
DA:6,0
LF:3
LH:1
BRF:0
BRH:0
end_of_record
TN:
SF:/Users/emmanuelihemegbulam/Documents/GitHub/Bankr-1.0/UI/src/components/ButtonInput.jsx
FN:4,(anonymous_0)
FNF:1
FNH:0
FNDA:0,(anonymous_0)
DA:4,1
DA:5,0
DA:6,0
LF:3
LH:1
BRF:0
BRH:0
end_of_record
TN:
SF:/Users/emmanuelihemegbulam/Documents/GitHub/Bankr-1.0/UI/src/components/Footer.jsx
FN:3,(anonymous_0)
FNF:1
FNH:0
FNDA:0,(anonymous_0)
DA:3,2
DA:4,0
DA:6,0
LF:3
LH:1
BRF:0
BRH:0
end_of_record
TN:
SF:/Users/emmanuelihemegbulam/Documents/GitHub/Bankr-1.0/UI/src/components/FormLink.jsx
FN:7,(anonymous_0)
FN:13,(anonymous_1)
FN:18,(anonymous_2)
FNF:3
FNH:0
FNDA:0,(anonymous_0)
FNDA:0,(anonymous_1)
FNDA:0,(anonymous_2)
DA:8,0
DA:10,0
DA:14,0
DA:15,0
DA:19,0
DA:20,0
LF:6
LH:0
BRF:0
BRH:0
end_of_record
TN:
SF:/Users/emmanuelihemegbulam/Documents/GitHub/Bankr-1.0/UI/src/components/HomePageMain.jsx
FN:3,(anonymous_0)
FNF:1
FNH:0
FNDA:0,(anonymous_0)
DA:3,2
DA:4,0
LF:2
LH:1
BRF:0
BRH:0
end_of_record
TN:
SF:/Users/emmanuelihemegbulam/Documents/GitHub/Bankr-1.0/UI/src/components/Input.jsx
FN:3,(anonymous_0)
FNF:1
FNH:0
FNDA:0,(anonymous_0)
DA:3,1
DA:12,0
DA:14,0
LF:3
LH:1
BRF:0
BRH:0
end_of_record
TN:
SF:/Users/emmanuelihemegbulam/Documents/GitHub/Bankr-1.0/UI/src/components/Label.jsx
FNF:0
FNH:0
LF:0
LH:0
BRF:0
BRH:0
end_of_record
TN:
SF:/Users/emmanuelihemegbulam/Documents/GitHub/Bankr-1.0/UI/src/components/Loader.jsx
FN:3,(anonymous_0)
FNF:1
FNH:0
FNDA:0,(anonymous_0)
DA:3,1
DA:4,0
LF:2
LH:1
BRF:0
BRH:0
end_of_record
TN:
SF:/Users/emmanuelihemegbulam/Documents/GitHub/Bankr-1.0/UI/src/components/LoginForm.jsx
FN:3,(anonymous_0)
FNF:1
FNH:0
FNDA:0,(anonymous_0)
DA:3,0
DA:4,0
LF:2
LH:0
BRF:0
BRH:0
end_of_record
TN:
SF:/Users/emmanuelihemegbulam/Documents/GitHub/Bankr-1.0/UI/src/components/LoginFormFooter.jsx
FN:5,(anonymous_0)
FNF:1
FNH:0
FNDA:0,(anonymous_0)
DA:5,1
DA:6,0
LF:2
LH:1
BRF:0
BRH:0
end_of_record
TN:
SF:/Users/emmanuelihemegbulam/Documents/GitHub/Bankr-1.0/UI/src/components/MainAside.jsx
FN:14,(anonymous_0)
FN:18,(anonymous_1)
FN:43,(anonymous_2)
FNF:3
FNH:0
FNDA:0,(anonymous_0)
FNDA:0,(anonymous_1)
FNDA:0,(anonymous_2)
DA:15,0
DA:19,0
DA:20,0
DA:21,0
DA:43,1
LF:5
LH:1
BRF:0
BRH:0
end_of_record
TN:
SF:/Users/emmanuelihemegbulam/Documents/GitHub/Bankr-1.0/UI/src/components/MainAsideHeader.jsx
FN:8,(anonymous_0)
FN:17,(anonymous_1)
FN:60,(anonymous_2)
FNF:3
FNH:0
FNDA:0,(anonymous_0)
FNDA:0,(anonymous_1)
FNDA:0,(anonymous_2)
DA:8,1
DA:15,0
DA:17,0
DA:18,0
DA:20,0
DA:21,0
DA:23,0
DA:25,0
DA:28,0
DA:60,1
DA:61,0
DA:62,0
LF:12
LH:2
BRDA:20,0,0,0
BRDA:20,0,1,0
BRDA:50,1,0,0
BRDA:50,1,1,0
BRF:4
BRH:0
end_of_record
TN:
SF:/Users/emmanuelihemegbulam/Documents/GitHub/Bankr-1.0/UI/src/components/MainNav.jsx
FN:9,(anonymous_0)
FN:13,(anonymous_1)
FNF:2
FNH:0
FNDA:0,(anonymous_0)
FNDA:0,(anonymous_1)
DA:10,0
DA:14,0
DA:15,0
LF:3
LH:0
BRF:0
BRH:0
end_of_record
TN:
SF:/Users/emmanuelihemegbulam/Documents/GitHub/Bankr-1.0/UI/src/components/MainNavHeader.jsx
FN:5,(anonymous_0)
FNF:1
FNH:0
FNDA:0,(anonymous_0)
DA:5,1
DA:6,0
LF:2
LH:1
BRF:0
BRH:0
end_of_record
TN:
SF:/Users/emmanuelihemegbulam/Documents/GitHub/Bankr-1.0/UI/src/components/MobileMenu.jsx
FN:5,(anonymous_0)
FNF:1
FNH:0
FNDA:0,(anonymous_0)
DA:5,1
DA:6,0
DA:7,0
LF:3
LH:1
BRF:0
BRH:0
end_of_record
TN:
SF:/Users/emmanuelihemegbulam/Documents/GitHub/Bankr-1.0/UI/src/components/NavList.jsx
FN:5,(anonymous_0)
FN:12,(anonymous_1)
FNF:2
FNH:0
FNDA:0,(anonymous_0)
FNDA:0,(anonymous_1)
DA:5,1
DA:6,0
DA:7,0
DA:9,0
DA:13,0
DA:14,0
LF:6
LH:1
BRF:0
BRH:0
end_of_record
TN:
SF:/Users/emmanuelihemegbulam/Documents/GitHub/Bankr-1.0/UI/src/components/NavListItem.jsx
FN:4,(anonymous_0)
FNF:1
FNH:0
FNDA:0,(anonymous_0)
DA:4,1
DA:12,0
DA:17,0
LF:3
LH:1
BRF:0
BRH:0
end_of_record
TN:
SF:/Users/emmanuelihemegbulam/Documents/GitHub/Bankr-1.0/UI/src/components/Navbar.jsx
FN:4,(anonymous_0)
FN:11,(anonymous_1)
FNF:2
FNH:0
FNDA:0,(anonymous_0)
FNDA:0,(anonymous_1)
DA:4,2
DA:5,0
DA:6,0
DA:8,0
DA:12,0
DA:13,0
DA:15,0
LF:7
LH:1
BRF:0
BRH:0
end_of_record
TN:
SF:/Users/emmanuelihemegbulam/Documents/GitHub/Bankr-1.0/UI/src/components/PageSwitcher.jsx
FN:20,(anonymous_0)
FN:53,(anonymous_1)
FNF:2
FNH:0
FNDA:0,(anonymous_0)
FNDA:0,(anonymous_1)
DA:20,1
DA:21,0
DA:24,0
DA:25,0
DA:26,0
DA:27,0
DA:35,0
DA:43,0
DA:53,1
DA:54,0
LF:10
LH:2
BRDA:21,0,0,0
BRDA:21,0,1,0
BRDA:21,0,2,0
BRDA:21,0,3,0
BRF:4
BRH:0
end_of_record
TN:
SF:/Users/emmanuelihemegbulam/Documents/GitHub/Bankr-1.0/UI/src/components/SettingsModal.jsx
FN:6,(anonymous_0)
FN:7,(anonymous_1)
FN:59,(anonymous_2)
FNF:3
FNH:0
FNDA:0,(anonymous_0)
FNDA:0,(anonymous_1)
FNDA:0,(anonymous_2)
DA:6,1
DA:7,0
DA:8,0
DA:11,0
DA:59,1
DA:60,0
DA:61,0
LF:7
LH:2
BRF:0
BRH:0
end_of_record
TN:
SF:/Users/emmanuelihemegbulam/Documents/GitHub/Bankr-1.0/UI/src/components/SignupFormFooter.jsx
FN:5,(anonymous_0)
FNF:1
FNH:0
FNDA:0,(anonymous_0)
DA:5,1
DA:6,0
LF:2
LH:1
BRF:0
BRH:0
end_of_record
TN:
SF:/Users/emmanuelihemegbulam/Documents/GitHub/Bankr-1.0/UI/src/components/SingleAccountBox.jsx
FN:3,(anonymous_0)
FNF:1
FNH:0
FNDA:0,(anonymous_0)
DA:3,1
DA:8,0
DA:10,0
LF:3
LH:1
BRF:0
BRH:0
end_of_record
TN:
SF:/Users/emmanuelihemegbulam/Documents/GitHub/Bankr-1.0/UI/src/components/SingleTransactionBox.jsx
FN:3,(anonymous_0)
FNF:1
FNH:0
FNDA:0,(anonymous_0)
DA:3,1
DA:9,0
DA:11,0
DA:13,0
LF:4
LH:1
BRF:0
BRH:0
end_of_record
TN:
SF:/Users/emmanuelihemegbulam/Documents/GitHub/Bankr-1.0/UI/src/components/TransactionList.jsx
FN:5,(anonymous_0)
FN:12,(anonymous_1)
FNF:2
FNH:0
FNDA:0,(anonymous_0)
FNDA:0,(anonymous_1)
DA:5,1
DA:6,0
DA:7,0
DA:9,0
DA:13,0
DA:19,0
DA:21,0
LF:7
LH:1
BRF:0
BRH:0
end_of_record
TN:
SF:/Users/emmanuelihemegbulam/Documents/GitHub/Bankr-1.0/UI/src/components/UserPanelBox.jsx
FN:7,(anonymous_0)
FN:10,(anonymous_1)
FN:34,(anonymous_2)
FNF:3
FNH:0
FNDA:0,(anonymous_0)
FNDA:0,(anonymous_1)
FNDA:0,(anonymous_2)
DA:7,1
DA:8,0
DA:10,0
DA:11,0
DA:14,0
DA:34,1
DA:35,0
DA:36,0
LF:8
LH:2
BRF:0
BRH:0
end_of_record
TN:
SF:/Users/emmanuelihemegbulam/Documents/GitHub/Bankr-1.0/UI/src/components/componentsData.js
FNF:0
FNH:0
DA:1,1
DA:28,1
DA:55,1
DA:82,1
DA:109,1
DA:136,1
LF:6
LH:6
BRF:0
BRH:0
end_of_record
TN:
SF:/Users/emmanuelihemegbulam/Documents/GitHub/Bankr-1.0/UI/src/containers/MainTemplate.jsx
FN:3,(anonymous_0)
FNF:1
FNH:0
FNDA:0,(anonymous_0)
DA:3,1
DA:4,0
LF:2
LH:1
BRF:0
BRH:0
end_of_record
TN:
SF:/Users/emmanuelihemegbulam/Documents/GitHub/Bankr-1.0/UI/src/helpers/GetDateString.js
FN:2,(anonymous_0)
FN:6,(anonymous_1)
FNF:2
FNH:0
FNDA:0,(anonymous_0)
FNDA:0,(anonymous_1)
DA:3,0
DA:7,0
LF:2
LH:0
BRF:0
BRH:0
end_of_record
TN:
SF:/Users/emmanuelihemegbulam/Documents/GitHub/Bankr-1.0/UI/src/helpers/auth.js
FN:5,(anonymous_0)
FN:14,(anonymous_1)
FNF:2
FNH:0
FNDA:0,(anonymous_0)
FNDA:0,(anonymous_1)
DA:5,0
DA:6,0
DA:7,0
DA:13,0
DA:15,0
DA:16,0
DA:17,0
DA:19,0
LF:8
LH:0
BRDA:16,0,0,0
BRDA:16,0,1,0
BRF:2
BRH:0
end_of_record
TN:
SF:/Users/emmanuelihemegbulam/Documents/GitHub/Bankr-1.0/UI/src/helpers/authSwitcher.js
FN:7,(anonymous_0)
FNF:1
FNH:0
FNDA:0,(anonymous_0)
DA:7,1
DA:8,0
DA:9,0
DA:10,0
DA:11,0
DA:13,0
DA:15,0
LF:7
LH:1
BRDA:8,0,0,0
BRDA:8,0,1,0
BRDA:10,1,0,0
BRDA:10,1,1,0
BRF:4
BRH:0
end_of_record
TN:
SF:/Users/emmanuelihemegbulam/Documents/GitHub/Bankr-1.0/UI/src/helpers/getMobileMenuLinks.js
FN:3,(anonymous_0)
FNF:1
FNH:0
FNDA:0,(anonymous_0)
DA:3,1
DA:4,0
DA:7,0
DA:10,0
DA:13,0
LF:5
LH:1
BRDA:4,0,0,0
BRDA:4,0,1,0
BRDA:4,0,2,0
BRDA:4,0,3,0
BRF:4
BRH:0
end_of_record
TN:
SF:/Users/emmanuelihemegbulam/Documents/GitHub/Bankr-1.0/UI/src/helpers/getTrimmedList.js
FN:1,(anonymous_0)
FNF:1
FNH:0
FNDA:0,(anonymous_0)
DA:1,1
LF:1
LH:1
BRF:0
BRH:0
end_of_record
TN:
SF:/Users/emmanuelihemegbulam/Documents/GitHub/Bankr-1.0/UI/src/helpers/redirectToDashboard.js
FN:1,(anonymous_0)
FNF:1
FNH:0
FNDA:0,(anonymous_0)
DA:1,1
DA:4,0
DA:6,0
DA:7,0
DA:9,0
DA:10,0
DA:13,0
DA:15,0
LF:8
LH:1
BRDA:4,0,0,0
BRDA:4,0,1,0
BRDA:4,0,2,0
BRDA:4,0,3,0
BRF:4
BRH:0
end_of_record
TN:
SF:/Users/emmanuelihemegbulam/Documents/GitHub/Bankr-1.0/UI/src/pages/AdminAccounts.jsx
FN:7,(anonymous_0)
FN:11,(anonymous_1)
FNF:2
FNH:0
FNDA:0,(anonymous_0)
FNDA:0,(anonymous_1)
DA:8,0
DA:12,0
LF:2
LH:0
BRF:0
BRH:0
end_of_record
TN:
SF:/Users/emmanuelihemegbulam/Documents/GitHub/Bankr-1.0/UI/src/pages/AdminDashboard.jsx
FN:7,(anonymous_0)
FN:11,(anonymous_1)
FNF:2
FNH:0
FNDA:0,(anonymous_0)
FNDA:0,(anonymous_1)
DA:8,0
DA:12,0
LF:2
LH:0
BRF:0
BRH:0
end_of_record
TN:
SF:/Users/emmanuelihemegbulam/Documents/GitHub/Bankr-1.0/UI/src/pages/AdminPage.jsx
FN:8,(anonymous_0)
FN:12,(anonymous_1)
FNF:2
FNH:0
FNDA:0,(anonymous_0)
FNDA:0,(anonymous_1)
DA:9,0
DA:13,0
LF:2
LH:0
BRF:0
BRH:0
end_of_record
TN:
SF:/Users/emmanuelihemegbulam/Documents/GitHub/Bankr-1.0/UI/src/pages/CreditDebit.jsx
FN:7,(anonymous_0)
FN:11,(anonymous_1)
FNF:2
FNH:0
FNDA:0,(anonymous_0)
FNDA:0,(anonymous_1)
DA:8,0
DA:12,0
LF:2
LH:0
BRF:0
BRH:0
end_of_record
TN:
SF:/Users/emmanuelihemegbulam/Documents/GitHub/Bankr-1.0/UI/src/pages/ForbiddenPage.jsx
FN:3,(anonymous_0)
FNF:1
FNH:0
FNDA:0,(anonymous_0)
DA:3,1
DA:4,0
LF:2
LH:1
BRF:0
BRH:0
end_of_record
TN:
SF:/Users/emmanuelihemegbulam/Documents/GitHub/Bankr-1.0/UI/src/pages/HomePage.jsx
FN:10,(anonymous_0)
FNF:1
FNH:1
FNDA:4,(anonymous_0)
DA:11,4
DA:16,4
LF:2
LH:2
BRF:0
BRH:0
end_of_record
TN:
SF:/Users/emmanuelihemegbulam/Documents/GitHub/Bankr-1.0/UI/src/pages/LoginPage.jsx
FN:17,(anonymous_0)
FN:25,(anonymous_1)
FN:34,(anonymous_2)
FN:44,(anonymous_3)
FN:58,(anonymous_4)
FN:72,(anonymous_5)
FN:120,(anonymous_6)
FNF:7
FNH:0
FNDA:0,(anonymous_0)
FNDA:0,(anonymous_1)
FNDA:0,(anonymous_2)
FNDA:0,(anonymous_3)
FNDA:0,(anonymous_4)
FNDA:0,(anonymous_5)
FNDA:0,(anonymous_6)
DA:18,0
DA:20,0
DA:21,0
DA:22,0
DA:26,0
DA:27,0
DA:28,0
DA:29,0
DA:31,0
DA:35,0
DA:36,0
DA:37,0
DA:38,0
DA:39,0
DA:41,0
DA:45,0
DA:46,0
DA:47,0
DA:48,0
DA:49,0
DA:50,0
DA:51,0
DA:57,0
DA:59,0
DA:60,0
DA:61,0
DA:62,0
DA:63,0
DA:66,0
DA:67,0
DA:73,0
DA:74,0
DA:75,0
DA:76,0
DA:78,0
DA:120,1
LF:36
LH:1
BRDA:29,0,0,0
BRDA:29,0,1,0
BRDA:39,1,0,0
BRDA:39,1,1,0
BRDA:39,2,0,0
BRDA:39,2,1,0
BRDA:49,3,0,0
BRDA:49,3,1,0
BRDA:49,4,0,0
BRDA:49,4,1,0
BRDA:49,4,2,0
BRDA:49,4,3,0
BRDA:76,5,0,0
BRDA:76,5,1,0
BRF:14
BRH:0
end_of_record
TN:
SF:/Users/emmanuelihemegbulam/Documents/GitHub/Bankr-1.0/UI/src/pages/SignupPage.jsx
FN:24,(anonymous_0)
FN:34,(anonymous_1)
FN:43,(anonymous_2)
FN:52,(anonymous_3)
FN:61,(anonymous_4)
FN:71,(anonymous_5)
FN:102,(anonymous_6)
FN:116,(anonymous_7)
FN:196,(anonymous_8)
FNF:9
FNH:0
FNDA:0,(anonymous_0)
FNDA:0,(anonymous_1)
FNDA:0,(anonymous_2)
FNDA:0,(anonymous_3)
FNDA:0,(anonymous_4)
FNDA:0,(anonymous_5)
FNDA:0,(anonymous_6)
FNDA:0,(anonymous_7)
FNDA:0,(anonymous_8)
DA:25,0
DA:27,0
DA:28,0
DA:29,0
DA:30,0
DA:31,0
DA:35,0
DA:36,0
DA:37,0
DA:38,0
DA:40,0
DA:44,0
DA:45,0
DA:46,0
DA:47,0
DA:49,0
DA:53,0
DA:54,0
DA:55,0
DA:56,0
DA:58,0
DA:62,0
DA:63,0
DA:64,0
DA:65,0
DA:66,0
DA:68,0
DA:72,0
DA:73,0
DA:80,0
DA:87,0
DA:90,0
DA:93,0
DA:94,0
DA:95,0
DA:101,0
DA:103,0
DA:104,0
DA:105,0
DA:106,0
DA:107,0
DA:108,0
DA:111,0
DA:112,0
DA:117,0
DA:123,0
DA:130,0
DA:132,0
DA:133,0
DA:196,1
LF:50
LH:1
BRDA:38,0,0,0
BRDA:38,0,1,0
BRDA:47,1,0,0
BRDA:47,1,1,0
BRDA:56,2,0,0
BRDA:56,2,1,0
BRDA:66,3,0,0
BRDA:66,3,1,0
BRDA:66,4,0,0
BRDA:66,4,1,0
BRDA:90,5,0,0
BRDA:90,5,1,0
BRDA:90,5,2,0
BRDA:90,5,3,0
BRDA:90,5,4,0
BRDA:90,5,5,0
BRDA:90,5,6,0
BRDA:90,5,7,0
BRDA:93,6,0,0
BRDA:93,6,1,0
BRDA:132,7,0,0
BRDA:132,7,1,0
BRF:22
BRH:0
end_of_record
TN:
SF:/Users/emmanuelihemegbulam/Documents/GitHub/Bankr-1.0/UI/src/pages/StaffAccounts.jsx
FN:7,(anonymous_0)
FN:12,(anonymous_1)
FNF:2
FNH:0
FNDA:0,(anonymous_0)
FNDA:0,(anonymous_1)
DA:8,0
DA:13,0
LF:2
LH:0
BRF:0
BRH:0
end_of_record
TN:
SF:/Users/emmanuelihemegbulam/Documents/GitHub/Bankr-1.0/UI/src/pages/StaffDashboard.jsx
FN:7,(anonymous_0)
FN:11,(anonymous_1)
FNF:2
FNH:0
FNDA:0,(anonymous_0)
FNDA:0,(anonymous_1)
DA:8,0
DA:12,0
LF:2
LH:0
BRF:0
BRH:0
end_of_record
TN:
SF:/Users/emmanuelihemegbulam/Documents/GitHub/Bankr-1.0/UI/src/pages/StaffPage.jsx
FN:8,(anonymous_0)
FN:12,(anonymous_1)
FNF:2
FNH:0
FNDA:0,(anonymous_0)
FNDA:0,(anonymous_1)
DA:9,0
DA:13,0
LF:2
LH:0
BRF:0
BRH:0
end_of_record
TN:
SF:/Users/emmanuelihemegbulam/Documents/GitHub/Bankr-1.0/UI/src/pages/UserAccounts.jsx
FN:10,(anonymous_0)
FN:14,(anonymous_1)
FN:47,(anonymous_2)
FNF:3
FNH:0
FNDA:0,(anonymous_0)
FNDA:0,(anonymous_1)
FNDA:0,(anonymous_2)
DA:11,0
DA:15,0
DA:16,0
DA:22,0
DA:24,0
DA:30,0
DA:47,1
DA:48,0
DA:49,0
DA:50,0
DA:52,0
LF:11
LH:1
BRF:0
BRH:0
end_of_record
TN:
SF:/Users/emmanuelihemegbulam/Documents/GitHub/Bankr-1.0/UI/src/pages/UserDashboard.jsx
FN:14,(anonymous_0)
FN:18,(anonymous_1)
FN:58,(anonymous_2)
FN:84,(anonymous_3)
FNF:4
FNH:0
FNDA:0,(anonymous_0)
FNDA:0,(anonymous_1)
FNDA:0,(anonymous_2)
FNDA:0,(anonymous_3)
DA:15,0
DA:59,0
DA:60,0
DA:63,0
DA:65,0
DA:84,1
DA:85,0
DA:86,0
DA:87,0
DA:89,0
LF:10
LH:1
BRF:0
BRH:0
end_of_record
TN:
SF:/Users/emmanuelihemegbulam/Documents/GitHub/Bankr-1.0/UI/src/pages/UserPage.jsx
FN:8,(anonymous_0)
FN:12,(anonymous_1)
FNF:2
FNH:0
FNDA:0,(anonymous_0)
FNDA:0,(anonymous_1)
DA:9,0
DA:13,0
LF:2
LH:0
BRF:0
BRH:0
end_of_record
TN:
SF:/Users/emmanuelihemegbulam/Documents/GitHub/Bankr-1.0/UI/src/pages/UserTransactions.jsx
FN:7,(anonymous_0)
FN:11,(anonymous_1)
FNF:2
FNH:0
FNDA:0,(anonymous_0)
FNDA:0,(anonymous_1)
DA:8,0
DA:12,0
LF:2
LH:0
BRF:0
BRH:0
end_of_record
TN:
SF:/Users/emmanuelihemegbulam/Documents/GitHub/Bankr-1.0/UI/src/pages/Users.jsx
FN:7,(anonymous_0)
FN:11,(anonymous_1)
FNF:2
FNH:0
FNDA:0,(anonymous_0)
FNDA:0,(anonymous_1)
DA:8,0
DA:12,0
LF:2
LH:0
BRF:0
BRH:0
end_of_record
TN:
SF:/Users/emmanuelihemegbulam/Documents/GitHub/Bankr-1.0/UI/src/reducers/account.reducer.js
FN:17,(anonymous_0)
FNF:1
FNH:1
FNDA:6,(anonymous_0)
DA:1,2
DA:17,2
DA:18,6
DA:19,6
DA:21,0
DA:30,0
DA:38,6
LF:7
LH:5
BRDA:17,0,0,6
BRDA:19,1,0,0
BRDA:19,1,1,0
BRDA:19,1,2,6
BRF:4
BRH:2
end_of_record
TN:
SF:/Users/emmanuelihemegbulam/Documents/GitHub/Bankr-1.0/UI/src/reducers/auth.reducer.js
FN:23,(anonymous_0)
FNF:1
FNH:1
FNDA:6,(anonymous_0)
DA:1,2
DA:23,2
DA:24,6
DA:26,0
DA:27,0
DA:33,0
DA:40,0
DA:41,0
DA:47,0
DA:54,0
DA:61,0
DA:68,0
DA:72,0
DA:76,0
DA:80,6
LF:15
LH:4
BRDA:23,0,0,6
BRDA:24,1,0,0
BRDA:24,1,1,0
BRDA:24,1,2,0
BRDA:24,1,3,0
BRDA:24,1,4,0
BRDA:24,1,5,0
BRDA:24,1,6,0
BRDA:24,1,7,6
BRDA:26,2,0,0
BRDA:26,2,1,0
BRDA:40,3,0,0
BRDA:40,3,1,0
BRF:13
BRH:2
end_of_record
TN:
SF:/Users/emmanuelihemegbulam/Documents/GitHub/Bankr-1.0/UI/src/reducers/modal.reducer.js
FN:8,(anonymous_0)
FNF:1
FNH:1
FNDA:6,(anonymous_0)
DA:1,2
DA:8,2
DA:9,6
DA:10,6
DA:12,0
DA:21,0
DA:30,0
DA:39,6
LF:8
LH:5
BRDA:8,0,0,6
BRDA:10,1,0,0
BRDA:10,1,1,0
BRDA:10,1,2,0
BRDA:10,1,3,6
BRF:5
BRH:2
end_of_record
TN:
SF:/Users/emmanuelihemegbulam/Documents/GitHub/Bankr-1.0/UI/src/reducers/reducer.js
FNF:0
FNH:0
DA:7,2
LF:1
LH:1
BRF:0
BRH:0
end_of_record
TN:
SF:/Users/emmanuelihemegbulam/Documents/GitHub/Bankr-1.0/UI/src/reducers/transaction.reducer.js
FN:31,(anonymous_0)
FNF:1
FNH:1
FNDA:6,(anonymous_0)
DA:1,2
DA:31,2
DA:32,6
DA:33,6
DA:35,0
DA:44,0
DA:52,6
LF:7
LH:5
BRDA:31,0,0,6
BRDA:33,1,0,0
BRDA:33,1,1,0
BRDA:33,1,2,6
BRF:4
BRH:2
end_of_record
TN:
SF:/Users/emmanuelihemegbulam/Documents/GitHub/Bankr-1.0/UI/src/routers/AppRouter.js
FN:18,(anonymous_0)
FN:37,(anonymous_1)
FNF:2
FNH:1
FNDA:0,(anonymous_0)
FNDA:3,(anonymous_1)
DA:16,1
DA:18,1
DA:19,0
DA:20,0
DA:21,0
DA:23,0
DA:37,1
DA:38,3
LF:8
LH:4
BRF:0
BRH:0
end_of_record
TN:
SF:/Users/emmanuelihemegbulam/Documents/GitHub/Bankr-1.0/UI/src/services/serverCall.js
FN:1,(anonymous_0)
FN:29,(anonymous_1)
FN:30,(anonymous_2)
FNF:3
FNH:0
FNDA:0,(anonymous_0)
FNDA:0,(anonymous_1)
FNDA:0,(anonymous_2)
DA:1,1
DA:4,0
DA:7,0
DA:8,0
DA:18,0
DA:28,0
DA:29,0
DA:30,0
LF:8
LH:1
BRDA:7,0,0,0
BRDA:7,0,1,0
BRDA:14,1,0,0
BRDA:14,1,1,0
BRDA:23,2,0,0
BRDA:23,2,1,0
BRF:6
BRH:0
end_of_record
TN:
SF:/Users/emmanuelihemegbulam/Documents/GitHub/Bankr-1.0/UI/src/services/servicesUrls.js
FN:6,(anonymous_0)
FN:7,(anonymous_1)
FNF:2
FNH:0
FNDA:0,(anonymous_0)
FNDA:0,(anonymous_1)
DA:1,1
DA:3,1
DA:4,1
DA:5,1
DA:6,1
DA:7,1
LF:6
LH:6
BRF:0
BRH:0
end_of_record
TN:
SF:/Users/emmanuelihemegbulam/Documents/GitHub/Bankr-1.0/UI/src/store/configureStore.js
FN:5,(anonymous_0)
FNF:1
FNH:1
FNDA:2,(anonymous_0)
DA:6,2
DA:7,2
LF:2
LH:2
BRF:0
BRH:0
end_of_record
